The system is: Linux - 3.13.0-24-generic - x86_64
Compiling the C compiler identification source file "CMakeCCompilerId.c" succeeded.
Compiler: /usr/bin/cc 
Build flags: 
Id flags: 

The output was:
0


Compilation of the C compiler identification source "CMakeCCompilerId.c" produced "a.out"

The C compiler identification is GNU, found in "/home/guillem/DADES/NLnet/v1/srsLTE/build/CMakeFiles/2.8.12.2/CompilerIdC/a.out"

Compiling the CXX compiler identification source file "CMakeCXXCompilerId.cpp" succeeded.
Compiler: /usr/bin/c++ 
Build flags: 
Id flags: 

The output was:
0


Compilation of the CXX compiler identification source "CMakeCXXCompilerId.cpp" produced "a.out"

The CXX compiler identification is GNU, found in "/home/guillem/DADES/NLnet/v1/srsLTE/build/CMakeFiles/2.8.12.2/CompilerIdCXX/a.out"

Determining if the C compiler works passed with the following output:
Change Dir: /home/guillem/DADES/NLnet/v1/srsLTE/build/CMakeFiles/CMakeTmp

Run Build Command:/usr/bin/make "cmTryCompileExec1426159333/fast"
/usr/bin/make -f CMakeFiles/cmTryCompileExec1426159333.dir/build.make CMakeFiles/cmTryCompileExec1426159333.dir/build
make[1]: se ingresa al directorio «/home/guillem/DADES/NLnet/v1/srsLTE/build/CMakeFiles/CMakeTmp»
/usr/bin/cmake -E cmake_progress_report /home/guillem/DADES/NLnet/v1/srsLTE/build/CMakeFiles/CMakeTmp/CMakeFiles 1
Building C object CMakeFiles/cmTryCompileExec1426159333.dir/testCCompiler.c.o
/usr/bin/cc    -o CMakeFiles/cmTryCompileExec1426159333.dir/testCCompiler.c.o   -c /home/guillem/DADES/NLnet/v1/srsLTE/build/CMakeFiles/CMakeTmp/testCCompiler.c
Linking C executable cmTryCompileExec1426159333
/usr/bin/cmake -E cmake_link_script CMakeFiles/cmTryCompileExec1426159333.dir/link.txt --verbose=1
/usr/bin/cc       CMakeFiles/cmTryCompileExec1426159333.dir/testCCompiler.c.o  -o cmTryCompileExec1426159333 -rdynamic 
make[1]: se sale del directorio «/home/guillem/DADES/NLnet/v1/srsLTE/build/CMakeFiles/CMakeTmp»


Detecting C compiler ABI info compiled with the following output:
Change Dir: /home/guillem/DADES/NLnet/v1/srsLTE/build/CMakeFiles/CMakeTmp

Run Build Command:/usr/bin/make "cmTryCompileExec439756219/fast"
/usr/bin/make -f CMakeFiles/cmTryCompileExec439756219.dir/build.make CMakeFiles/cmTryCompileExec439756219.dir/build
make[1]: se ingresa al directorio «/home/guillem/DADES/NLnet/v1/srsLTE/build/CMakeFiles/CMakeTmp»
/usr/bin/cmake -E cmake_progress_report /home/guillem/DADES/NLnet/v1/srsLTE/build/CMakeFiles/CMakeTmp/CMakeFiles 1
Building C object CMakeFiles/cmTryCompileExec439756219.dir/CMakeCCompilerABI.c.o
/usr/bin/cc    -o CMakeFiles/cmTryCompileExec439756219.dir/CMakeCCompilerABI.c.o   -c /usr/share/cmake-2.8/Modules/CMakeCCompilerABI.c
Linking C executable cmTryCompileExec439756219
/usr/bin/cmake -E cmake_link_script CMakeFiles/cmTryCompileExec439756219.dir/link.txt --verbose=1
/usr/bin/cc     -v CMakeFiles/cmTryCompileExec439756219.dir/CMakeCCompilerABI.c.o  -o cmTryCompileExec439756219 -rdynamic  
Using built-in specs.
COLLECT_GCC=/usr/bin/cc
COLLECT_LTO_WRAPPER=/usr/lib/gcc/x86_64-linux-gnu/4.8/lto-wrapper
Target: x86_64-linux-gnu
Configured with: ../src/configure -v --with-pkgversion='Ubuntu 4.8.4-2ubuntu1~14.04.3' --with-bugurl=file:///usr/share/doc/gcc-4.8/README.Bugs --enable-languages=c,c++,java,go,d,fortran,objc,obj-c++ --prefix=/usr --program-suffix=-4.8 --enable-shared --enable-linker-build-id --libexecdir=/usr/lib --without-included-gettext --enable-threads=posix --with-gxx-include-dir=/usr/include/c++/4.8 --libdir=/usr/lib --enable-nls --with-sysroot=/ --enable-clocale=gnu --enable-libstdcxx-debug --enable-libstdcxx-time=yes --enable-gnu-unique-object --disable-libmudflap --enable-plugin --with-system-zlib --disable-browser-plugin --enable-java-awt=gtk --enable-gtk-cairo --with-java-home=/usr/lib/jvm/java-1.5.0-gcj-4.8-amd64/jre --enable-java-home --with-jvm-root-dir=/usr/lib/jvm/java-1.5.0-gcj-4.8-amd64 --with-jvm-jar-dir=/usr/lib/jvm-exports/java-1.5.0-gcj-4.8-amd64 --with-arch-directory=amd64 --with-ecj-jar=/usr/share/java/eclipse-ecj.jar --enable-objc-gc --enable-multiarch --disable-werror --with-arch-32=i686 --with-abi=m64 --with-multilib-list=m32,m64,mx32 --with-tune=generic --enable-checking=release --build=x86_64-linux-gnu --host=x86_64-linux-gnu --target=x86_64-linux-gnu
Thread model: posix
gcc version 4.8.4 (Ubuntu 4.8.4-2ubuntu1~14.04.3) 
COMPILER_PATH=/usr/lib/gcc/x86_64-linux-gnu/4.8/:/usr/lib/gcc/x86_64-linux-gnu/4.8/:/usr/lib/gcc/x86_64-linux-gnu/:/usr/lib/gcc/x86_64-linux-gnu/4.8/:/usr/lib/gcc/x86_64-linux-gnu/
LIBRARY_PATH=/usr/lib/gcc/x86_64-linux-gnu/4.8/:/usr/lib/gcc/x86_64-linux-gnu/4.8/../../../x86_64-linux-gnu/:/usr/lib/gcc/x86_64-linux-gnu/4.8/../../../../lib/:/lib/x86_64-linux-gnu/:/lib/../lib/:/usr/lib/x86_64-linux-gnu/:/usr/lib/../lib/:/usr/lib/gcc/x86_64-linux-gnu/4.8/../../../:/lib/:/usr/lib/
COLLECT_GCC_OPTIONS='-v' '-o' 'cmTryCompileExec439756219' '-rdynamic' '-mtune=generic' '-march=x86-64'
 /usr/lib/gcc/x86_64-linux-gnu/4.8/collect2 --sysroot=/ --build-id --eh-frame-hdr -m elf_x86_64 --hash-style=gnu --as-needed -export-dynamic -dynamic-linker /lib64/ld-linux-x86-64.so.2 -z relro -o cmTryCompileExec439756219 /usr/lib/gcc/x86_64-linux-gnu/4.8/../../../x86_64-linux-gnu/crt1.o /usr/lib/gcc/x86_64-linux-gnu/4.8/../../../x86_64-linux-gnu/crti.o /usr/lib/gcc/x86_64-linux-gnu/4.8/crtbegin.o -L/usr/lib/gcc/x86_64-linux-gnu/4.8 -L/usr/lib/gcc/x86_64-linux-gnu/4.8/../../../x86_64-linux-gnu -L/usr/lib/gcc/x86_64-linux-gnu/4.8/../../../../lib -L/lib/x86_64-linux-gnu -L/lib/../lib -L/usr/lib/x86_64-linux-gnu -L/usr/lib/../lib -L/usr/lib/gcc/x86_64-linux-gnu/4.8/../../.. CMakeFiles/cmTryCompileExec439756219.dir/CMakeCCompilerABI.c.o -lgcc --as-needed -lgcc_s --no-as-needed -lc -lgcc --as-needed -lgcc_s --no-as-needed /usr/lib/gcc/x86_64-linux-gnu/4.8/crtend.o /usr/lib/gcc/x86_64-linux-gnu/4.8/../../../x86_64-linux-gnu/crtn.o
make[1]: se sale del directorio «/home/guillem/DADES/NLnet/v1/srsLTE/build/CMakeFiles/CMakeTmp»


Parsed C implicit link information from above output:
  link line regex: [^( *|.*[/\])(ld|([^/\]+-)?ld|collect2)[^/\]*( |$)]
  ignore line: [Change Dir: /home/guillem/DADES/NLnet/v1/srsLTE/build/CMakeFiles/CMakeTmp]
  ignore line: []
  ignore line: [Run Build Command:/usr/bin/make "cmTryCompileExec439756219/fast"]
  ignore line: [/usr/bin/make -f CMakeFiles/cmTryCompileExec439756219.dir/build.make CMakeFiles/cmTryCompileExec439756219.dir/build]
  ignore line: [make[1]: se ingresa al directorio «/home/guillem/DADES/NLnet/v1/srsLTE/build/CMakeFiles/CMakeTmp»]
  ignore line: [/usr/bin/cmake -E cmake_progress_report /home/guillem/DADES/NLnet/v1/srsLTE/build/CMakeFiles/CMakeTmp/CMakeFiles 1]
  ignore line: [Building C object CMakeFiles/cmTryCompileExec439756219.dir/CMakeCCompilerABI.c.o]
  ignore line: [/usr/bin/cc    -o CMakeFiles/cmTryCompileExec439756219.dir/CMakeCCompilerABI.c.o   -c /usr/share/cmake-2.8/Modules/CMakeCCompilerABI.c]
  ignore line: [Linking C executable cmTryCompileExec439756219]
  ignore line: [/usr/bin/cmake -E cmake_link_script CMakeFiles/cmTryCompileExec439756219.dir/link.txt --verbose=1]
  ignore line: [/usr/bin/cc     -v CMakeFiles/cmTryCompileExec439756219.dir/CMakeCCompilerABI.c.o  -o cmTryCompileExec439756219 -rdynamic  ]
  ignore line: [Using built-in specs.]
  ignore line: [COLLECT_GCC=/usr/bin/cc]
  ignore line: [COLLECT_LTO_WRAPPER=/usr/lib/gcc/x86_64-linux-gnu/4.8/lto-wrapper]
  ignore line: [Target: x86_64-linux-gnu]
  ignore line: [Configured with: ../src/configure -v --with-pkgversion='Ubuntu 4.8.4-2ubuntu1~14.04.3' --with-bugurl=file:///usr/share/doc/gcc-4.8/README.Bugs --enable-languages=c,c++,java,go,d,fortran,objc,obj-c++ --prefix=/usr --program-suffix=-4.8 --enable-shared --enable-linker-build-id --libexecdir=/usr/lib --without-included-gettext --enable-threads=posix --with-gxx-include-dir=/usr/include/c++/4.8 --libdir=/usr/lib --enable-nls --with-sysroot=/ --enable-clocale=gnu --enable-libstdcxx-debug --enable-libstdcxx-time=yes --enable-gnu-unique-object --disable-libmudflap --enable-plugin --with-system-zlib --disable-browser-plugin --enable-java-awt=gtk --enable-gtk-cairo --with-java-home=/usr/lib/jvm/java-1.5.0-gcj-4.8-amd64/jre --enable-java-home --with-jvm-root-dir=/usr/lib/jvm/java-1.5.0-gcj-4.8-amd64 --with-jvm-jar-dir=/usr/lib/jvm-exports/java-1.5.0-gcj-4.8-amd64 --with-arch-directory=amd64 --with-ecj-jar=/usr/share/java/eclipse-ecj.jar --enable-objc-gc --enable-multiarch --disable-werror --with-arch-32=i686 --with-abi=m64 --with-multilib-list=m32,m64,mx32 --with-tune=generic --enable-checking=release --build=x86_64-linux-gnu --host=x86_64-linux-gnu --target=x86_64-linux-gnu]
  ignore line: [Thread model: posix]
  ignore line: [gcc version 4.8.4 (Ubuntu 4.8.4-2ubuntu1~14.04.3) ]
  ignore line: [COMPILER_PATH=/usr/lib/gcc/x86_64-linux-gnu/4.8/:/usr/lib/gcc/x86_64-linux-gnu/4.8/:/usr/lib/gcc/x86_64-linux-gnu/:/usr/lib/gcc/x86_64-linux-gnu/4.8/:/usr/lib/gcc/x86_64-linux-gnu/]
  ignore line: [LIBRARY_PATH=/usr/lib/gcc/x86_64-linux-gnu/4.8/:/usr/lib/gcc/x86_64-linux-gnu/4.8/../../../x86_64-linux-gnu/:/usr/lib/gcc/x86_64-linux-gnu/4.8/../../../../lib/:/lib/x86_64-linux-gnu/:/lib/../lib/:/usr/lib/x86_64-linux-gnu/:/usr/lib/../lib/:/usr/lib/gcc/x86_64-linux-gnu/4.8/../../../:/lib/:/usr/lib/]
  ignore line: [COLLECT_GCC_OPTIONS='-v' '-o' 'cmTryCompileExec439756219' '-rdynamic' '-mtune=generic' '-march=x86-64']
  link line: [ /usr/lib/gcc/x86_64-linux-gnu/4.8/collect2 --sysroot=/ --build-id --eh-frame-hdr -m elf_x86_64 --hash-style=gnu --as-needed -export-dynamic -dynamic-linker /lib64/ld-linux-x86-64.so.2 -z relro -o cmTryCompileExec439756219 /usr/lib/gcc/x86_64-linux-gnu/4.8/../../../x86_64-linux-gnu/crt1.o /usr/lib/gcc/x86_64-linux-gnu/4.8/../../../x86_64-linux-gnu/crti.o /usr/lib/gcc/x86_64-linux-gnu/4.8/crtbegin.o -L/usr/lib/gcc/x86_64-linux-gnu/4.8 -L/usr/lib/gcc/x86_64-linux-gnu/4.8/../../../x86_64-linux-gnu -L/usr/lib/gcc/x86_64-linux-gnu/4.8/../../../../lib -L/lib/x86_64-linux-gnu -L/lib/../lib -L/usr/lib/x86_64-linux-gnu -L/usr/lib/../lib -L/usr/lib/gcc/x86_64-linux-gnu/4.8/../../.. CMakeFiles/cmTryCompileExec439756219.dir/CMakeCCompilerABI.c.o -lgcc --as-needed -lgcc_s --no-as-needed -lc -lgcc --as-needed -lgcc_s --no-as-needed /usr/lib/gcc/x86_64-linux-gnu/4.8/crtend.o /usr/lib/gcc/x86_64-linux-gnu/4.8/../../../x86_64-linux-gnu/crtn.o]
    arg [/usr/lib/gcc/x86_64-linux-gnu/4.8/collect2] ==> ignore
    arg [--sysroot=/] ==> ignore
    arg [--build-id] ==> ignore
    arg [--eh-frame-hdr] ==> ignore
    arg [-m] ==> ignore
    arg [elf_x86_64] ==> ignore
    arg [--hash-style=gnu] ==> ignore
    arg [--as-needed] ==> ignore
    arg [-export-dynamic] ==> ignore
    arg [-dynamic-linker] ==> ignore
    arg [/lib64/ld-linux-x86-64.so.2] ==> ignore
    arg [-zrelro] ==> ignore
    arg [-o] ==> ignore
    arg [cmTryCompileExec439756219] ==> ignore
    arg [/usr/lib/gcc/x86_64-linux-gnu/4.8/../../../x86_64-linux-gnu/crt1.o] ==> ignore
    arg [/usr/lib/gcc/x86_64-linux-gnu/4.8/../../../x86_64-linux-gnu/crti.o] ==> ignore
    arg [/usr/lib/gcc/x86_64-linux-gnu/4.8/crtbegin.o] ==> ignore
    arg [-L/usr/lib/gcc/x86_64-linux-gnu/4.8] ==> dir [/usr/lib/gcc/x86_64-linux-gnu/4.8]
    arg [-L/usr/lib/gcc/x86_64-linux-gnu/4.8/../../../x86_64-linux-gnu] ==> dir [/usr/lib/gcc/x86_64-linux-gnu/4.8/../../../x86_64-linux-gnu]
    arg [-L/usr/lib/gcc/x86_64-linux-gnu/4.8/../../../../lib] ==> dir [/usr/lib/gcc/x86_64-linux-gnu/4.8/../../../../lib]
    arg [-L/lib/x86_64-linux-gnu] ==> dir [/lib/x86_64-linux-gnu]
    arg [-L/lib/../lib] ==> dir [/lib/../lib]
    arg [-L/usr/lib/x86_64-linux-gnu] ==> dir [/usr/lib/x86_64-linux-gnu]
    arg [-L/usr/lib/../lib] ==> dir [/usr/lib/../lib]
    arg [-L/usr/lib/gcc/x86_64-linux-gnu/4.8/../../..] ==> dir [/usr/lib/gcc/x86_64-linux-gnu/4.8/../../..]
    arg [CMakeFiles/cmTryCompileExec439756219.dir/CMakeCCompilerABI.c.o] ==> ignore
    arg [-lgcc] ==> lib [gcc]
    arg [--as-needed] ==> ignore
    arg [-lgcc_s] ==> lib [gcc_s]
    arg [--no-as-needed] ==> ignore
    arg [-lc] ==> lib [c]
    arg [-lgcc] ==> lib [gcc]
    arg [--as-needed] ==> ignore
    arg [-lgcc_s] ==> lib [gcc_s]
    arg [--no-as-needed] ==> ignore
    arg [/usr/lib/gcc/x86_64-linux-gnu/4.8/crtend.o] ==> ignore
    arg [/usr/lib/gcc/x86_64-linux-gnu/4.8/../../../x86_64-linux-gnu/crtn.o] ==> ignore
  remove lib [gcc]
  remove lib [gcc_s]
  remove lib [gcc]
  remove lib [gcc_s]
  collapse library dir [/usr/lib/gcc/x86_64-linux-gnu/4.8] ==> [/usr/lib/gcc/x86_64-linux-gnu/4.8]
  collapse library dir [/usr/lib/gcc/x86_64-linux-gnu/4.8/../../../x86_64-linux-gnu] ==> [/usr/lib/x86_64-linux-gnu]
  collapse library dir [/usr/lib/gcc/x86_64-linux-gnu/4.8/../../../../lib] ==> [/usr/lib]
  collapse library dir [/lib/x86_64-linux-gnu] ==> [/lib/x86_64-linux-gnu]
  collapse library dir [/lib/../lib] ==> [/lib]
  collapse library dir [/usr/lib/x86_64-linux-gnu] ==> [/usr/lib/x86_64-linux-gnu]
  collapse library dir [/usr/lib/../lib] ==> [/usr/lib]
  collapse library dir [/usr/lib/gcc/x86_64-linux-gnu/4.8/../../..] ==> [/usr/lib]
  implicit libs: [c]
  implicit dirs: [/usr/lib/gcc/x86_64-linux-gnu/4.8;/usr/lib/x86_64-linux-gnu;/usr/lib;/lib/x86_64-linux-gnu;/lib]
  implicit fwks: []


Determining if the CXX compiler works passed with the following output:
Change Dir: /home/guillem/DADES/NLnet/v1/srsLTE/build/CMakeFiles/CMakeTmp

Run Build Command:/usr/bin/make "cmTryCompileExec1120499161/fast"
/usr/bin/make -f CMakeFiles/cmTryCompileExec1120499161.dir/build.make CMakeFiles/cmTryCompileExec1120499161.dir/build
make[1]: se ingresa al directorio «/home/guillem/DADES/NLnet/v1/srsLTE/build/CMakeFiles/CMakeTmp»
/usr/bin/cmake -E cmake_progress_report /home/guillem/DADES/NLnet/v1/srsLTE/build/CMakeFiles/CMakeTmp/CMakeFiles 1
Building CXX object CMakeFiles/cmTryCompileExec1120499161.dir/testCXXCompiler.cxx.o
/usr/bin/c++     -o CMakeFiles/cmTryCompileExec1120499161.dir/testCXXCompiler.cxx.o -c /home/guillem/DADES/NLnet/v1/srsLTE/build/CMakeFiles/CMakeTmp/testCXXCompiler.cxx
Linking CXX executable cmTryCompileExec1120499161
/usr/bin/cmake -E cmake_link_script CMakeFiles/cmTryCompileExec1120499161.dir/link.txt --verbose=1
/usr/bin/c++        CMakeFiles/cmTryCompileExec1120499161.dir/testCXXCompiler.cxx.o  -o cmTryCompileExec1120499161 -rdynamic 
make[1]: se sale del directorio «/home/guillem/DADES/NLnet/v1/srsLTE/build/CMakeFiles/CMakeTmp»


Detecting CXX compiler ABI info compiled with the following output:
Change Dir: /home/guillem/DADES/NLnet/v1/srsLTE/build/CMakeFiles/CMakeTmp

Run Build Command:/usr/bin/make "cmTryCompileExec999150563/fast"
/usr/bin/make -f CMakeFiles/cmTryCompileExec999150563.dir/build.make CMakeFiles/cmTryCompileExec999150563.dir/build
make[1]: se ingresa al directorio «/home/guillem/DADES/NLnet/v1/srsLTE/build/CMakeFiles/CMakeTmp»
/usr/bin/cmake -E cmake_progress_report /home/guillem/DADES/NLnet/v1/srsLTE/build/CMakeFiles/CMakeTmp/CMakeFiles 1
Building CXX object CMakeFiles/cmTryCompileExec999150563.dir/CMakeCXXCompilerABI.cpp.o
/usr/bin/c++     -o CMakeFiles/cmTryCompileExec999150563.dir/CMakeCXXCompilerABI.cpp.o -c /usr/share/cmake-2.8/Modules/CMakeCXXCompilerABI.cpp
Linking CXX executable cmTryCompileExec999150563
/usr/bin/cmake -E cmake_link_script CMakeFiles/cmTryCompileExec999150563.dir/link.txt --verbose=1
/usr/bin/c++      -v CMakeFiles/cmTryCompileExec999150563.dir/CMakeCXXCompilerABI.cpp.o  -o cmTryCompileExec999150563 -rdynamic  
Using built-in specs.
COLLECT_GCC=/usr/bin/c++
COLLECT_LTO_WRAPPER=/usr/lib/gcc/x86_64-linux-gnu/4.8/lto-wrapper
Target: x86_64-linux-gnu
Configured with: ../src/configure -v --with-pkgversion='Ubuntu 4.8.4-2ubuntu1~14.04.3' --with-bugurl=file:///usr/share/doc/gcc-4.8/README.Bugs --enable-languages=c,c++,java,go,d,fortran,objc,obj-c++ --prefix=/usr --program-suffix=-4.8 --enable-shared --enable-linker-build-id --libexecdir=/usr/lib --without-included-gettext --enable-threads=posix --with-gxx-include-dir=/usr/include/c++/4.8 --libdir=/usr/lib --enable-nls --with-sysroot=/ --enable-clocale=gnu --enable-libstdcxx-debug --enable-libstdcxx-time=yes --enable-gnu-unique-object --disable-libmudflap --enable-plugin --with-system-zlib --disable-browser-plugin --enable-java-awt=gtk --enable-gtk-cairo --with-java-home=/usr/lib/jvm/java-1.5.0-gcj-4.8-amd64/jre --enable-java-home --with-jvm-root-dir=/usr/lib/jvm/java-1.5.0-gcj-4.8-amd64 --with-jvm-jar-dir=/usr/lib/jvm-exports/java-1.5.0-gcj-4.8-amd64 --with-arch-directory=amd64 --with-ecj-jar=/usr/share/java/eclipse-ecj.jar --enable-objc-gc --enable-multiarch --disable-werror --with-arch-32=i686 --with-abi=m64 --with-multilib-list=m32,m64,mx32 --with-tune=generic --enable-checking=release --build=x86_64-linux-gnu --host=x86_64-linux-gnu --target=x86_64-linux-gnu
Thread model: posix
gcc version 4.8.4 (Ubuntu 4.8.4-2ubuntu1~14.04.3) 
COMPILER_PATH=/usr/lib/gcc/x86_64-linux-gnu/4.8/:/usr/lib/gcc/x86_64-linux-gnu/4.8/:/usr/lib/gcc/x86_64-linux-gnu/:/usr/lib/gcc/x86_64-linux-gnu/4.8/:/usr/lib/gcc/x86_64-linux-gnu/
LIBRARY_PATH=/usr/lib/gcc/x86_64-linux-gnu/4.8/:/usr/lib/gcc/x86_64-linux-gnu/4.8/../../../x86_64-linux-gnu/:/usr/lib/gcc/x86_64-linux-gnu/4.8/../../../../lib/:/lib/x86_64-linux-gnu/:/lib/../lib/:/usr/lib/x86_64-linux-gnu/:/usr/lib/../lib/:/usr/lib/gcc/x86_64-linux-gnu/4.8/../../../:/lib/:/usr/lib/
COLLECT_GCC_OPTIONS='-v' '-o' 'cmTryCompileExec999150563' '-rdynamic' '-shared-libgcc' '-mtune=generic' '-march=x86-64'
 /usr/lib/gcc/x86_64-linux-gnu/4.8/collect2 --sysroot=/ --build-id --eh-frame-hdr -m elf_x86_64 --hash-style=gnu --as-needed -export-dynamic -dynamic-linker /lib64/ld-linux-x86-64.so.2 -z relro -o cmTryCompileExec999150563 /usr/lib/gcc/x86_64-linux-gnu/4.8/../../../x86_64-linux-gnu/crt1.o /usr/lib/gcc/x86_64-linux-gnu/4.8/../../../x86_64-linux-gnu/crti.o /usr/lib/gcc/x86_64-linux-gnu/4.8/crtbegin.o -L/usr/lib/gcc/x86_64-linux-gnu/4.8 -L/usr/lib/gcc/x86_64-linux-gnu/4.8/../../../x86_64-linux-gnu -L/usr/lib/gcc/x86_64-linux-gnu/4.8/../../../../lib -L/lib/x86_64-linux-gnu -L/lib/../lib -L/usr/lib/x86_64-linux-gnu -L/usr/lib/../lib -L/usr/lib/gcc/x86_64-linux-gnu/4.8/../../.. CMakeFiles/cmTryCompileExec999150563.dir/CMakeCXXCompilerABI.cpp.o -lstdc++ -lm -lgcc_s -lgcc -lc -lgcc_s -lgcc /usr/lib/gcc/x86_64-linux-gnu/4.8/crtend.o /usr/lib/gcc/x86_64-linux-gnu/4.8/../../../x86_64-linux-gnu/crtn.o
make[1]: se sale del directorio «/home/guillem/DADES/NLnet/v1/srsLTE/build/CMakeFiles/CMakeTmp»


Parsed CXX implicit link information from above output:
  link line regex: [^( *|.*[/\])(ld|([^/\]+-)?ld|collect2)[^/\]*( |$)]
  ignore line: [Change Dir: /home/guillem/DADES/NLnet/v1/srsLTE/build/CMakeFiles/CMakeTmp]
  ignore line: []
  ignore line: [Run Build Command:/usr/bin/make "cmTryCompileExec999150563/fast"]
  ignore line: [/usr/bin/make -f CMakeFiles/cmTryCompileExec999150563.dir/build.make CMakeFiles/cmTryCompileExec999150563.dir/build]
  ignore line: [make[1]: se ingresa al directorio «/home/guillem/DADES/NLnet/v1/srsLTE/build/CMakeFiles/CMakeTmp»]
  ignore line: [/usr/bin/cmake -E cmake_progress_report /home/guillem/DADES/NLnet/v1/srsLTE/build/CMakeFiles/CMakeTmp/CMakeFiles 1]
  ignore line: [Building CXX object CMakeFiles/cmTryCompileExec999150563.dir/CMakeCXXCompilerABI.cpp.o]
  ignore line: [/usr/bin/c++     -o CMakeFiles/cmTryCompileExec999150563.dir/CMakeCXXCompilerABI.cpp.o -c /usr/share/cmake-2.8/Modules/CMakeCXXCompilerABI.cpp]
  ignore line: [Linking CXX executable cmTryCompileExec999150563]
  ignore line: [/usr/bin/cmake -E cmake_link_script CMakeFiles/cmTryCompileExec999150563.dir/link.txt --verbose=1]
  ignore line: [/usr/bin/c++      -v CMakeFiles/cmTryCompileExec999150563.dir/CMakeCXXCompilerABI.cpp.o  -o cmTryCompileExec999150563 -rdynamic  ]
  ignore line: [Using built-in specs.]
  ignore line: [COLLECT_GCC=/usr/bin/c++]
  ignore line: [COLLECT_LTO_WRAPPER=/usr/lib/gcc/x86_64-linux-gnu/4.8/lto-wrapper]
  ignore line: [Target: x86_64-linux-gnu]
  ignore line: [Configured with: ../src/configure -v --with-pkgversion='Ubuntu 4.8.4-2ubuntu1~14.04.3' --with-bugurl=file:///usr/share/doc/gcc-4.8/README.Bugs --enable-languages=c,c++,java,go,d,fortran,objc,obj-c++ --prefix=/usr --program-suffix=-4.8 --enable-shared --enable-linker-build-id --libexecdir=/usr/lib --without-included-gettext --enable-threads=posix --with-gxx-include-dir=/usr/include/c++/4.8 --libdir=/usr/lib --enable-nls --with-sysroot=/ --enable-clocale=gnu --enable-libstdcxx-debug --enable-libstdcxx-time=yes --enable-gnu-unique-object --disable-libmudflap --enable-plugin --with-system-zlib --disable-browser-plugin --enable-java-awt=gtk --enable-gtk-cairo --with-java-home=/usr/lib/jvm/java-1.5.0-gcj-4.8-amd64/jre --enable-java-home --with-jvm-root-dir=/usr/lib/jvm/java-1.5.0-gcj-4.8-amd64 --with-jvm-jar-dir=/usr/lib/jvm-exports/java-1.5.0-gcj-4.8-amd64 --with-arch-directory=amd64 --with-ecj-jar=/usr/share/java/eclipse-ecj.jar --enable-objc-gc --enable-multiarch --disable-werror --with-arch-32=i686 --with-abi=m64 --with-multilib-list=m32,m64,mx32 --with-tune=generic --enable-checking=release --build=x86_64-linux-gnu --host=x86_64-linux-gnu --target=x86_64-linux-gnu]
  ignore line: [Thread model: posix]
  ignore line: [gcc version 4.8.4 (Ubuntu 4.8.4-2ubuntu1~14.04.3) ]
  ignore line: [COMPILER_PATH=/usr/lib/gcc/x86_64-linux-gnu/4.8/:/usr/lib/gcc/x86_64-linux-gnu/4.8/:/usr/lib/gcc/x86_64-linux-gnu/:/usr/lib/gcc/x86_64-linux-gnu/4.8/:/usr/lib/gcc/x86_64-linux-gnu/]
  ignore line: [LIBRARY_PATH=/usr/lib/gcc/x86_64-linux-gnu/4.8/:/usr/lib/gcc/x86_64-linux-gnu/4.8/../../../x86_64-linux-gnu/:/usr/lib/gcc/x86_64-linux-gnu/4.8/../../../../lib/:/lib/x86_64-linux-gnu/:/lib/../lib/:/usr/lib/x86_64-linux-gnu/:/usr/lib/../lib/:/usr/lib/gcc/x86_64-linux-gnu/4.8/../../../:/lib/:/usr/lib/]
  ignore line: [COLLECT_GCC_OPTIONS='-v' '-o' 'cmTryCompileExec999150563' '-rdynamic' '-shared-libgcc' '-mtune=generic' '-march=x86-64']
  link line: [ /usr/lib/gcc/x86_64-linux-gnu/4.8/collect2 --sysroot=/ --build-id --eh-frame-hdr -m elf_x86_64 --hash-style=gnu --as-needed -export-dynamic -dynamic-linker /lib64/ld-linux-x86-64.so.2 -z relro -o cmTryCompileExec999150563 /usr/lib/gcc/x86_64-linux-gnu/4.8/../../../x86_64-linux-gnu/crt1.o /usr/lib/gcc/x86_64-linux-gnu/4.8/../../../x86_64-linux-gnu/crti.o /usr/lib/gcc/x86_64-linux-gnu/4.8/crtbegin.o -L/usr/lib/gcc/x86_64-linux-gnu/4.8 -L/usr/lib/gcc/x86_64-linux-gnu/4.8/../../../x86_64-linux-gnu -L/usr/lib/gcc/x86_64-linux-gnu/4.8/../../../../lib -L/lib/x86_64-linux-gnu -L/lib/../lib -L/usr/lib/x86_64-linux-gnu -L/usr/lib/../lib -L/usr/lib/gcc/x86_64-linux-gnu/4.8/../../.. CMakeFiles/cmTryCompileExec999150563.dir/CMakeCXXCompilerABI.cpp.o -lstdc++ -lm -lgcc_s -lgcc -lc -lgcc_s -lgcc /usr/lib/gcc/x86_64-linux-gnu/4.8/crtend.o /usr/lib/gcc/x86_64-linux-gnu/4.8/../../../x86_64-linux-gnu/crtn.o]
    arg [/usr/lib/gcc/x86_64-linux-gnu/4.8/collect2] ==> ignore
    arg [--sysroot=/] ==> ignore
    arg [--build-id] ==> ignore
    arg [--eh-frame-hdr] ==> ignore
    arg [-m] ==> ignore
    arg [elf_x86_64] ==> ignore
    arg [--hash-style=gnu] ==> ignore
    arg [--as-needed] ==> ignore
    arg [-export-dynamic] ==> ignore
    arg [-dynamic-linker] ==> ignore
    arg [/lib64/ld-linux-x86-64.so.2] ==> ignore
    arg [-zrelro] ==> ignore
    arg [-o] ==> ignore
    arg [cmTryCompileExec999150563] ==> ignore
    arg [/usr/lib/gcc/x86_64-linux-gnu/4.8/../../../x86_64-linux-gnu/crt1.o] ==> ignore
    arg [/usr/lib/gcc/x86_64-linux-gnu/4.8/../../../x86_64-linux-gnu/crti.o] ==> ignore
    arg [/usr/lib/gcc/x86_64-linux-gnu/4.8/crtbegin.o] ==> ignore
    arg [-L/usr/lib/gcc/x86_64-linux-gnu/4.8] ==> dir [/usr/lib/gcc/x86_64-linux-gnu/4.8]
    arg [-L/usr/lib/gcc/x86_64-linux-gnu/4.8/../../../x86_64-linux-gnu] ==> dir [/usr/lib/gcc/x86_64-linux-gnu/4.8/../../../x86_64-linux-gnu]
    arg [-L/usr/lib/gcc/x86_64-linux-gnu/4.8/../../../../lib] ==> dir [/usr/lib/gcc/x86_64-linux-gnu/4.8/../../../../lib]
    arg [-L/lib/x86_64-linux-gnu] ==> dir [/lib/x86_64-linux-gnu]
    arg [-L/lib/../lib] ==> dir [/lib/../lib]
    arg [-L/usr/lib/x86_64-linux-gnu] ==> dir [/usr/lib/x86_64-linux-gnu]
    arg [-L/usr/lib/../lib] ==> dir [/usr/lib/../lib]
    arg [-L/usr/lib/gcc/x86_64-linux-gnu/4.8/../../..] ==> dir [/usr/lib/gcc/x86_64-linux-gnu/4.8/../../..]
    arg [CMakeFiles/cmTryCompileExec999150563.dir/CMakeCXXCompilerABI.cpp.o] ==> ignore
    arg [-lstdc++] ==> lib [stdc++]
    arg [-lm] ==> lib [m]
    arg [-lgcc_s] ==> lib [gcc_s]
    arg [-lgcc] ==> lib [gcc]
    arg [-lc] ==> lib [c]
    arg [-lgcc_s] ==> lib [gcc_s]
    arg [-lgcc] ==> lib [gcc]
    arg [/usr/lib/gcc/x86_64-linux-gnu/4.8/crtend.o] ==> ignore
    arg [/usr/lib/gcc/x86_64-linux-gnu/4.8/../../../x86_64-linux-gnu/crtn.o] ==> ignore
  remove lib [gcc_s]
  remove lib [gcc]
  remove lib [gcc_s]
  remove lib [gcc]
  collapse library dir [/usr/lib/gcc/x86_64-linux-gnu/4.8] ==> [/usr/lib/gcc/x86_64-linux-gnu/4.8]
  collapse library dir [/usr/lib/gcc/x86_64-linux-gnu/4.8/../../../x86_64-linux-gnu] ==> [/usr/lib/x86_64-linux-gnu]
  collapse library dir [/usr/lib/gcc/x86_64-linux-gnu/4.8/../../../../lib] ==> [/usr/lib]
  collapse library dir [/lib/x86_64-linux-gnu] ==> [/lib/x86_64-linux-gnu]
  collapse library dir [/lib/../lib] ==> [/lib]
  collapse library dir [/usr/lib/x86_64-linux-gnu] ==> [/usr/lib/x86_64-linux-gnu]
  collapse library dir [/usr/lib/../lib] ==> [/usr/lib]
  collapse library dir [/usr/lib/gcc/x86_64-linux-gnu/4.8/../../..] ==> [/usr/lib]
  implicit libs: [stdc++;m;c]
  implicit dirs: [/usr/lib/gcc/x86_64-linux-gnu/4.8;/usr/lib/x86_64-linux-gnu;/usr/lib;/lib/x86_64-linux-gnu;/lib]
  implicit fwks: []


Performing C SOURCE FILE Test HAVE_SSE succeeded with the following output:
Change Dir: /home/guillem/DADES/NLnet/v1/srsLTE/build/CMakeFiles/CMakeTmp

Run Build Command:/usr/bin/make "cmTryCompileExec525285056/fast"
/usr/bin/make -f CMakeFiles/cmTryCompileExec525285056.dir/build.make CMakeFiles/cmTryCompileExec525285056.dir/build
make[1]: se ingresa al directorio «/home/guillem/DADES/NLnet/v1/srsLTE/build/CMakeFiles/CMakeTmp»
/usr/bin/cmake -E cmake_progress_report /home/guillem/DADES/NLnet/v1/srsLTE/build/CMakeFiles/CMakeTmp/CMakeFiles 1
Building C object CMakeFiles/cmTryCompileExec525285056.dir/src.c.o
/usr/bin/cc   -Wall -Wno-write-strings -Wno-format-extra-args -Winline -Wno-unused-result -Wno-format -std=c99 -D_GNU_SOURCE -g -DHAVE_SSE -msse4.1   -o CMakeFiles/cmTryCompileExec525285056.dir/src.c.o   -c /home/guillem/DADES/NLnet/v1/srsLTE/build/CMakeFiles/CMakeTmp/src.c
/home/guillem/DADES/NLnet/v1/srsLTE/build/CMakeFiles/CMakeTmp/src.c: In function ‘main’:
/home/guillem/DADES/NLnet/v1/srsLTE/build/CMakeFiles/CMakeTmp/src.c:8:17: warning: unused variable ‘b’ [-Wunused-variable]
         __m128i b = _mm_minpos_epu16(a);
                 ^
Linking C executable cmTryCompileExec525285056
/usr/bin/cmake -E cmake_link_script CMakeFiles/cmTryCompileExec525285056.dir/link.txt --verbose=1
/usr/bin/cc   -Wall -Wno-write-strings -Wno-format-extra-args -Winline -Wno-unused-result -Wno-format -std=c99 -D_GNU_SOURCE -g -DHAVE_SSE -msse4.1    CMakeFiles/cmTryCompileExec525285056.dir/src.c.o  -o cmTryCompileExec525285056 -rdynamic 
make[1]: se sale del directorio «/home/guillem/DADES/NLnet/v1/srsLTE/build/CMakeFiles/CMakeTmp»

Return value: 1
Source file was:

        #include <emmintrin.h>
        #include <smmintrin.h>

        int main()
        {
        __m128i a = _mm_setzero_si128();
        __m128i b = _mm_minpos_epu16(a);
        return 0;
        }
Performing C SOURCE FILE Test HAVE_AVX succeeded with the following output:
Change Dir: /home/guillem/DADES/NLnet/v1/srsLTE/build/CMakeFiles/CMakeTmp

Run Build Command:/usr/bin/make "cmTryCompileExec1438290846/fast"
/usr/bin/make -f CMakeFiles/cmTryCompileExec1438290846.dir/build.make CMakeFiles/cmTryCompileExec1438290846.dir/build
make[1]: se ingresa al directorio «/home/guillem/DADES/NLnet/v1/srsLTE/build/CMakeFiles/CMakeTmp»
/usr/bin/cmake -E cmake_progress_report /home/guillem/DADES/NLnet/v1/srsLTE/build/CMakeFiles/CMakeTmp/CMakeFiles 1
Building C object CMakeFiles/cmTryCompileExec1438290846.dir/src.c.o
/usr/bin/cc   -Wall -Wno-write-strings -Wno-format-extra-args -Winline -Wno-unused-result -Wno-format -std=c99 -D_GNU_SOURCE -g -DHAVE_AVX -mavx   -o CMakeFiles/cmTryCompileExec1438290846.dir/src.c.o   -c /home/guillem/DADES/NLnet/v1/srsLTE/build/CMakeFiles/CMakeTmp/src.c
/home/guillem/DADES/NLnet/v1/srsLTE/build/CMakeFiles/CMakeTmp/src.c: In function ‘main’:
/home/guillem/DADES/NLnet/v1/srsLTE/build/CMakeFiles/CMakeTmp/src.c:6:21: warning: unused variable ‘a’ [-Wunused-variable]
             __m256i a = _mm256_setzero_si256();
                     ^
Linking C executable cmTryCompileExec1438290846
/usr/bin/cmake -E cmake_link_script CMakeFiles/cmTryCompileExec1438290846.dir/link.txt --verbose=1
/usr/bin/cc   -Wall -Wno-write-strings -Wno-format-extra-args -Winline -Wno-unused-result -Wno-format -std=c99 -D_GNU_SOURCE -g -DHAVE_AVX -mavx    CMakeFiles/cmTryCompileExec1438290846.dir/src.c.o  -o cmTryCompileExec1438290846 -rdynamic 
make[1]: se sale del directorio «/home/guillem/DADES/NLnet/v1/srsLTE/build/CMakeFiles/CMakeTmp»

Return value: 1
Source file was:

            #include <immintrin.h>

            int main()
            {
            __m256i a = _mm256_setzero_si256();
            return 0;
            }
Performing C++ SOURCE FILE Test HAVE_VISIBILITY_HIDDEN succeded with the following output:
Change Dir: /home/guillem/DADES/NLnet/v1/srsLTE/build/CMakeFiles/CMakeTmp

Run Build Command:/usr/bin/make "cmTryCompileExec2494059047/fast"
/usr/bin/make -f CMakeFiles/cmTryCompileExec2494059047.dir/build.make CMakeFiles/cmTryCompileExec2494059047.dir/build
make[1]: Entering directory `/home/guillem/DADES/NLnet/v1/srsLTE/build/CMakeFiles/CMakeTmp'
/usr/bin/cmake -E cmake_progress_report /home/guillem/DADES/NLnet/v1/srsLTE/build/CMakeFiles/CMakeTmp/CMakeFiles 1
Building CXX object CMakeFiles/cmTryCompileExec2494059047.dir/src.cxx.o
/usr/bin/c++    -O3 -DHAVE_VISIBILITY_HIDDEN -mavx   -fvisibility=hidden -o CMakeFiles/cmTryCompileExec2494059047.dir/src.cxx.o -c /home/guillem/DADES/NLnet/v1/srsLTE/build/CMakeFiles/CMakeTmp/src.cxx
Linking CXX executable cmTryCompileExec2494059047
/usr/bin/cmake -E cmake_link_script CMakeFiles/cmTryCompileExec2494059047.dir/link.txt --verbose=1
/usr/bin/c++    -O3 -DHAVE_VISIBILITY_HIDDEN -mavx    CMakeFiles/cmTryCompileExec2494059047.dir/src.cxx.o  -o cmTryCompileExec2494059047 -rdynamic 
make[1]: Leaving directory `/home/guillem/DADES/NLnet/v1/srsLTE/build/CMakeFiles/CMakeTmp'

Source file was:
int main() { return 0;}
Determining if the function volk_16i_s32f_convert_32f exists passed with the following output:
Change Dir: /home/guillem/DADES/NLnet/v1/srsLTE/build/CMakeFiles/CMakeTmp

Run Build Command:/usr/bin/make "cmTryCompileExec1349681770/fast"
/usr/bin/make -f CMakeFiles/cmTryCompileExec1349681770.dir/build.make CMakeFiles/cmTryCompileExec1349681770.dir/build
make[1]: se ingresa al directorio «/home/guillem/DADES/NLnet/v1/srsLTE/build/CMakeFiles/CMakeTmp»
/usr/bin/cmake -E cmake_progress_report /home/guillem/DADES/NLnet/v1/srsLTE/build/CMakeFiles/CMakeTmp/CMakeFiles 1
Building C object CMakeFiles/cmTryCompileExec1349681770.dir/CheckFunctionExists.c.o
/usr/bin/cc   -Wall -Wno-write-strings -Wno-format-extra-args -Winline -Wno-unused-result -Wno-format -std=c99 -D_GNU_SOURCE -g -march=native -mfpmath=sse -mavx -DLV_HAVE_AVX -DLV_HAVE_SSE -DCHECK_FUNCTION_EXISTS=volk_16i_s32f_convert_32f -mavx   -o CMakeFiles/cmTryCompileExec1349681770.dir/CheckFunctionExists.c.o   -c /home/guillem/DADES/NLnet/v1/srsLTE/cmake/modules/CheckFunctionExists.c
/home/guillem/DADES/NLnet/v1/srsLTE/cmake/modules/CheckFunctionExists.c: In function ‘main’:
/home/guillem/DADES/NLnet/v1/srsLTE/cmake/modules/CheckFunctionExists.c:12:3: warning: implicit declaration of function ‘sqrtf’ [-Wimplicit-function-declaration]
   float ac2 = sqrtf(rand());
   ^
/home/guillem/DADES/NLnet/v1/srsLTE/cmake/modules/CheckFunctionExists.c:12:15: warning: incompatible implicit declaration of built-in function ‘sqrtf’ [enabled by default]
   float ac2 = sqrtf(rand());
               ^
/home/guillem/DADES/NLnet/v1/srsLTE/cmake/modules/CheckFunctionExists.c:12:3: warning: implicit declaration of function ‘rand’ [-Wimplicit-function-declaration]
   float ac2 = sqrtf(rand());
   ^
Linking C executable cmTryCompileExec1349681770
/usr/bin/cmake -E cmake_link_script CMakeFiles/cmTryCompileExec1349681770.dir/link.txt --verbose=1
/usr/bin/cc   -Wall -Wno-write-strings -Wno-format-extra-args -Winline -Wno-unused-result -Wno-format -std=c99 -D_GNU_SOURCE -g -march=native -mfpmath=sse -mavx -DLV_HAVE_AVX -DLV_HAVE_SSE -DCHECK_FUNCTION_EXISTS=volk_16i_s32f_convert_32f -mavx    CMakeFiles/cmTryCompileExec1349681770.dir/CheckFunctionExists.c.o  -o cmTryCompileExec1349681770 -rdynamic /usr/local/lib/libvolk.so -lm -Wl,-rpath,/usr/local/lib 
make[1]: se sale del directorio «/home/guillem/DADES/NLnet/v1/srsLTE/build/CMakeFiles/CMakeTmp»


Determining if the function volk_32f_index_max_16u exists passed with the following output:
Change Dir: /home/guillem/DADES/NLnet/v1/srsLTE/build/CMakeFiles/CMakeTmp

Run Build Command:/usr/bin/make "cmTryCompileExec520581079/fast"
/usr/bin/make -f CMakeFiles/cmTryCompileExec520581079.dir/build.make CMakeFiles/cmTryCompileExec520581079.dir/build
make[1]: se ingresa al directorio «/home/guillem/DADES/NLnet/v1/srsLTE/build/CMakeFiles/CMakeTmp»
/usr/bin/cmake -E cmake_progress_report /home/guillem/DADES/NLnet/v1/srsLTE/build/CMakeFiles/CMakeTmp/CMakeFiles 1
Building C object CMakeFiles/cmTryCompileExec520581079.dir/CheckFunctionExists.c.o
/usr/bin/cc   -Wall -Wno-write-strings -Wno-format-extra-args -Winline -Wno-unused-result -Wno-format -std=c99 -D_GNU_SOURCE -g -march=native -mfpmath=sse -mavx -DLV_HAVE_AVX -DLV_HAVE_SSE -DCHECK_FUNCTION_EXISTS=volk_32f_index_max_16u -mavx   -o CMakeFiles/cmTryCompileExec520581079.dir/CheckFunctionExists.c.o   -c /home/guillem/DADES/NLnet/v1/srsLTE/cmake/modules/CheckFunctionExists.c
/home/guillem/DADES/NLnet/v1/srsLTE/cmake/modules/CheckFunctionExists.c: In function ‘main’:
/home/guillem/DADES/NLnet/v1/srsLTE/cmake/modules/CheckFunctionExists.c:12:3: warning: implicit declaration of function ‘sqrtf’ [-Wimplicit-function-declaration]
   float ac2 = sqrtf(rand());
   ^
/home/guillem/DADES/NLnet/v1/srsLTE/cmake/modules/CheckFunctionExists.c:12:15: warning: incompatible implicit declaration of built-in function ‘sqrtf’ [enabled by default]
   float ac2 = sqrtf(rand());
               ^
/home/guillem/DADES/NLnet/v1/srsLTE/cmake/modules/CheckFunctionExists.c:12:3: warning: implicit declaration of function ‘rand’ [-Wimplicit-function-declaration]
   float ac2 = sqrtf(rand());
   ^
Linking C executable cmTryCompileExec520581079
/usr/bin/cmake -E cmake_link_script CMakeFiles/cmTryCompileExec520581079.dir/link.txt --verbose=1
/usr/bin/cc   -Wall -Wno-write-strings -Wno-format-extra-args -Winline -Wno-unused-result -Wno-format -std=c99 -D_GNU_SOURCE -g -march=native -mfpmath=sse -mavx -DLV_HAVE_AVX -DLV_HAVE_SSE -DCHECK_FUNCTION_EXISTS=volk_32f_index_max_16u -mavx    CMakeFiles/cmTryCompileExec520581079.dir/CheckFunctionExists.c.o  -o cmTryCompileExec520581079 -rdynamic /usr/local/lib/libvolk.so -lm -Wl,-rpath,/usr/local/lib 
make[1]: se sale del directorio «/home/guillem/DADES/NLnet/v1/srsLTE/build/CMakeFiles/CMakeTmp»


Determining if the function volk_32f_x2_max_32f exists passed with the following output:
Change Dir: /home/guillem/DADES/NLnet/v1/srsLTE/build/CMakeFiles/CMakeTmp

Run Build Command:/usr/bin/make "cmTryCompileExec2215831526/fast"
/usr/bin/make -f CMakeFiles/cmTryCompileExec2215831526.dir/build.make CMakeFiles/cmTryCompileExec2215831526.dir/build
make[1]: se ingresa al directorio «/home/guillem/DADES/NLnet/v1/srsLTE/build/CMakeFiles/CMakeTmp»
/usr/bin/cmake -E cmake_progress_report /home/guillem/DADES/NLnet/v1/srsLTE/build/CMakeFiles/CMakeTmp/CMakeFiles 1
Building C object CMakeFiles/cmTryCompileExec2215831526.dir/CheckFunctionExists.c.o
/usr/bin/cc   -Wall -Wno-write-strings -Wno-format-extra-args -Winline -Wno-unused-result -Wno-format -std=c99 -D_GNU_SOURCE -g -march=native -mfpmath=sse -mavx -DLV_HAVE_AVX -DLV_HAVE_SSE -DCHECK_FUNCTION_EXISTS=volk_32f_x2_max_32f -mavx   -o CMakeFiles/cmTryCompileExec2215831526.dir/CheckFunctionExists.c.o   -c /home/guillem/DADES/NLnet/v1/srsLTE/cmake/modules/CheckFunctionExists.c
/home/guillem/DADES/NLnet/v1/srsLTE/cmake/modules/CheckFunctionExists.c: In function ‘main’:
/home/guillem/DADES/NLnet/v1/srsLTE/cmake/modules/CheckFunctionExists.c:12:3: warning: implicit declaration of function ‘sqrtf’ [-Wimplicit-function-declaration]
   float ac2 = sqrtf(rand());
   ^
/home/guillem/DADES/NLnet/v1/srsLTE/cmake/modules/CheckFunctionExists.c:12:15: warning: incompatible implicit declaration of built-in function ‘sqrtf’ [enabled by default]
   float ac2 = sqrtf(rand());
               ^
/home/guillem/DADES/NLnet/v1/srsLTE/cmake/modules/CheckFunctionExists.c:12:3: warning: implicit declaration of function ‘rand’ [-Wimplicit-function-declaration]
   float ac2 = sqrtf(rand());
   ^
Linking C executable cmTryCompileExec2215831526
/usr/bin/cmake -E cmake_link_script CMakeFiles/cmTryCompileExec2215831526.dir/link.txt --verbose=1
/usr/bin/cc   -Wall -Wno-write-strings -Wno-format-extra-args -Winline -Wno-unused-result -Wno-format -std=c99 -D_GNU_SOURCE -g -march=native -mfpmath=sse -mavx -DLV_HAVE_AVX -DLV_HAVE_SSE -DCHECK_FUNCTION_EXISTS=volk_32f_x2_max_32f -mavx    CMakeFiles/cmTryCompileExec2215831526.dir/CheckFunctionExists.c.o  -o cmTryCompileExec2215831526 -rdynamic /usr/local/lib/libvolk.so -lm -Wl,-rpath,/usr/local/lib 
make[1]: se sale del directorio «/home/guillem/DADES/NLnet/v1/srsLTE/build/CMakeFiles/CMakeTmp»


Determining if the function volk_32f_accumulator_s32f exists passed with the following output:
Change Dir: /home/guillem/DADES/NLnet/v1/srsLTE/build/CMakeFiles/CMakeTmp

Run Build Command:/usr/bin/make "cmTryCompileExec3818510346/fast"
/usr/bin/make -f CMakeFiles/cmTryCompileExec3818510346.dir/build.make CMakeFiles/cmTryCompileExec3818510346.dir/build
make[1]: se ingresa al directorio «/home/guillem/DADES/NLnet/v1/srsLTE/build/CMakeFiles/CMakeTmp»
/usr/bin/cmake -E cmake_progress_report /home/guillem/DADES/NLnet/v1/srsLTE/build/CMakeFiles/CMakeTmp/CMakeFiles 1
Building C object CMakeFiles/cmTryCompileExec3818510346.dir/CheckFunctionExists.c.o
/usr/bin/cc   -Wall -Wno-write-strings -Wno-format-extra-args -Winline -Wno-unused-result -Wno-format -std=c99 -D_GNU_SOURCE -g -march=native -mfpmath=sse -mavx -DLV_HAVE_AVX -DLV_HAVE_SSE -DCHECK_FUNCTION_EXISTS=volk_32f_accumulator_s32f -mavx   -o CMakeFiles/cmTryCompileExec3818510346.dir/CheckFunctionExists.c.o   -c /home/guillem/DADES/NLnet/v1/srsLTE/cmake/modules/CheckFunctionExists.c
/home/guillem/DADES/NLnet/v1/srsLTE/cmake/modules/CheckFunctionExists.c: In function ‘main’:
/home/guillem/DADES/NLnet/v1/srsLTE/cmake/modules/CheckFunctionExists.c:12:3: warning: implicit declaration of function ‘sqrtf’ [-Wimplicit-function-declaration]
   float ac2 = sqrtf(rand());
   ^
/home/guillem/DADES/NLnet/v1/srsLTE/cmake/modules/CheckFunctionExists.c:12:15: warning: incompatible implicit declaration of built-in function ‘sqrtf’ [enabled by default]
   float ac2 = sqrtf(rand());
               ^
/home/guillem/DADES/NLnet/v1/srsLTE/cmake/modules/CheckFunctionExists.c:12:3: warning: implicit declaration of function ‘rand’ [-Wimplicit-function-declaration]
   float ac2 = sqrtf(rand());
   ^
Linking C executable cmTryCompileExec3818510346
/usr/bin/cmake -E cmake_link_script CMakeFiles/cmTryCompileExec3818510346.dir/link.txt --verbose=1
/usr/bin/cc   -Wall -Wno-write-strings -Wno-format-extra-args -Winline -Wno-unused-result -Wno-format -std=c99 -D_GNU_SOURCE -g -march=native -mfpmath=sse -mavx -DLV_HAVE_AVX -DLV_HAVE_SSE -DCHECK_FUNCTION_EXISTS=volk_32f_accumulator_s32f -mavx    CMakeFiles/cmTryCompileExec3818510346.dir/CheckFunctionExists.c.o  -o cmTryCompileExec3818510346 -rdynamic /usr/local/lib/libvolk.so -lm -Wl,-rpath,/usr/local/lib 
make[1]: se sale del directorio «/home/guillem/DADES/NLnet/v1/srsLTE/build/CMakeFiles/CMakeTmp»


Determining if the function volk_32fc_s32fc_multiply_32fc exists passed with the following output:
Change Dir: /home/guillem/DADES/NLnet/v1/srsLTE/build/CMakeFiles/CMakeTmp

Run Build Command:/usr/bin/make "cmTryCompileExec2296077735/fast"
/usr/bin/make -f CMakeFiles/cmTryCompileExec2296077735.dir/build.make CMakeFiles/cmTryCompileExec2296077735.dir/build
make[1]: se ingresa al directorio «/home/guillem/DADES/NLnet/v1/srsLTE/build/CMakeFiles/CMakeTmp»
/usr/bin/cmake -E cmake_progress_report /home/guillem/DADES/NLnet/v1/srsLTE/build/CMakeFiles/CMakeTmp/CMakeFiles 1
Building C object CMakeFiles/cmTryCompileExec2296077735.dir/CheckFunctionExists.c.o
/usr/bin/cc   -Wall -Wno-write-strings -Wno-format-extra-args -Winline -Wno-unused-result -Wno-format -std=c99 -D_GNU_SOURCE -g -march=native -mfpmath=sse -mavx -DLV_HAVE_AVX -DLV_HAVE_SSE -DCHECK_FUNCTION_EXISTS=volk_32fc_s32fc_multiply_32fc -mavx   -o CMakeFiles/cmTryCompileExec2296077735.dir/CheckFunctionExists.c.o   -c /home/guillem/DADES/NLnet/v1/srsLTE/cmake/modules/CheckFunctionExists.c
/home/guillem/DADES/NLnet/v1/srsLTE/cmake/modules/CheckFunctionExists.c: In function ‘main’:
/home/guillem/DADES/NLnet/v1/srsLTE/cmake/modules/CheckFunctionExists.c:12:3: warning: implicit declaration of function ‘sqrtf’ [-Wimplicit-function-declaration]
   float ac2 = sqrtf(rand());
   ^
/home/guillem/DADES/NLnet/v1/srsLTE/cmake/modules/CheckFunctionExists.c:12:15: warning: incompatible implicit declaration of built-in function ‘sqrtf’ [enabled by default]
   float ac2 = sqrtf(rand());
               ^
/home/guillem/DADES/NLnet/v1/srsLTE/cmake/modules/CheckFunctionExists.c:12:3: warning: implicit declaration of function ‘rand’ [-Wimplicit-function-declaration]
   float ac2 = sqrtf(rand());
   ^
Linking C executable cmTryCompileExec2296077735
/usr/bin/cmake -E cmake_link_script CMakeFiles/cmTryCompileExec2296077735.dir/link.txt --verbose=1
/usr/bin/cc   -Wall -Wno-write-strings -Wno-format-extra-args -Winline -Wno-unused-result -Wno-format -std=c99 -D_GNU_SOURCE -g -march=native -mfpmath=sse -mavx -DLV_HAVE_AVX -DLV_HAVE_SSE -DCHECK_FUNCTION_EXISTS=volk_32fc_s32fc_multiply_32fc -mavx    CMakeFiles/cmTryCompileExec2296077735.dir/CheckFunctionExists.c.o  -o cmTryCompileExec2296077735 -rdynamic /usr/local/lib/libvolk.so -lm -Wl,-rpath,/usr/local/lib 
make[1]: se sale del directorio «/home/guillem/DADES/NLnet/v1/srsLTE/build/CMakeFiles/CMakeTmp»


Determining if the function volk_32fc_conjugate_32fc exists passed with the following output:
Change Dir: /home/guillem/DADES/NLnet/v1/srsLTE/build/CMakeFiles/CMakeTmp

Run Build Command:/usr/bin/make "cmTryCompileExec190793904/fast"
/usr/bin/make -f CMakeFiles/cmTryCompileExec190793904.dir/build.make CMakeFiles/cmTryCompileExec190793904.dir/build
make[1]: se ingresa al directorio «/home/guillem/DADES/NLnet/v1/srsLTE/build/CMakeFiles/CMakeTmp»
/usr/bin/cmake -E cmake_progress_report /home/guillem/DADES/NLnet/v1/srsLTE/build/CMakeFiles/CMakeTmp/CMakeFiles 1
Building C object CMakeFiles/cmTryCompileExec190793904.dir/CheckFunctionExists.c.o
/usr/bin/cc   -Wall -Wno-write-strings -Wno-format-extra-args -Winline -Wno-unused-result -Wno-format -std=c99 -D_GNU_SOURCE -g -march=native -mfpmath=sse -mavx -DLV_HAVE_AVX -DLV_HAVE_SSE -DCHECK_FUNCTION_EXISTS=volk_32fc_conjugate_32fc -mavx   -o CMakeFiles/cmTryCompileExec190793904.dir/CheckFunctionExists.c.o   -c /home/guillem/DADES/NLnet/v1/srsLTE/cmake/modules/CheckFunctionExists.c
/home/guillem/DADES/NLnet/v1/srsLTE/cmake/modules/CheckFunctionExists.c: In function ‘main’:
/home/guillem/DADES/NLnet/v1/srsLTE/cmake/modules/CheckFunctionExists.c:12:3: warning: implicit declaration of function ‘sqrtf’ [-Wimplicit-function-declaration]
   float ac2 = sqrtf(rand());
   ^
/home/guillem/DADES/NLnet/v1/srsLTE/cmake/modules/CheckFunctionExists.c:12:15: warning: incompatible implicit declaration of built-in function ‘sqrtf’ [enabled by default]
   float ac2 = sqrtf(rand());
               ^
/home/guillem/DADES/NLnet/v1/srsLTE/cmake/modules/CheckFunctionExists.c:12:3: warning: implicit declaration of function ‘rand’ [-Wimplicit-function-declaration]
   float ac2 = sqrtf(rand());
   ^
Linking C executable cmTryCompileExec190793904
/usr/bin/cmake -E cmake_link_script CMakeFiles/cmTryCompileExec190793904.dir/link.txt --verbose=1
/usr/bin/cc   -Wall -Wno-write-strings -Wno-format-extra-args -Winline -Wno-unused-result -Wno-format -std=c99 -D_GNU_SOURCE -g -march=native -mfpmath=sse -mavx -DLV_HAVE_AVX -DLV_HAVE_SSE -DCHECK_FUNCTION_EXISTS=volk_32fc_conjugate_32fc -mavx    CMakeFiles/cmTryCompileExec190793904.dir/CheckFunctionExists.c.o  -o cmTryCompileExec190793904 -rdynamic /usr/local/lib/libvolk.so -lm -Wl,-rpath,/usr/local/lib 
make[1]: se sale del directorio «/home/guillem/DADES/NLnet/v1/srsLTE/build/CMakeFiles/CMakeTmp»


Determining if the function volk_32fc_x2_multiply_32fc exists passed with the following output:
Change Dir: /home/guillem/DADES/NLnet/v1/srsLTE/build/CMakeFiles/CMakeTmp

Run Build Command:/usr/bin/make "cmTryCompileExec670022347/fast"
/usr/bin/make -f CMakeFiles/cmTryCompileExec670022347.dir/build.make CMakeFiles/cmTryCompileExec670022347.dir/build
make[1]: se ingresa al directorio «/home/guillem/DADES/NLnet/v1/srsLTE/build/CMakeFiles/CMakeTmp»
/usr/bin/cmake -E cmake_progress_report /home/guillem/DADES/NLnet/v1/srsLTE/build/CMakeFiles/CMakeTmp/CMakeFiles 1
Building C object CMakeFiles/cmTryCompileExec670022347.dir/CheckFunctionExists.c.o
/usr/bin/cc   -Wall -Wno-write-strings -Wno-format-extra-args -Winline -Wno-unused-result -Wno-format -std=c99 -D_GNU_SOURCE -g -march=native -mfpmath=sse -mavx -DLV_HAVE_AVX -DLV_HAVE_SSE -DCHECK_FUNCTION_EXISTS=volk_32fc_x2_multiply_32fc -mavx   -o CMakeFiles/cmTryCompileExec670022347.dir/CheckFunctionExists.c.o   -c /home/guillem/DADES/NLnet/v1/srsLTE/cmake/modules/CheckFunctionExists.c
/home/guillem/DADES/NLnet/v1/srsLTE/cmake/modules/CheckFunctionExists.c: In function ‘main’:
/home/guillem/DADES/NLnet/v1/srsLTE/cmake/modules/CheckFunctionExists.c:12:3: warning: implicit declaration of function ‘sqrtf’ [-Wimplicit-function-declaration]
   float ac2 = sqrtf(rand());
   ^
/home/guillem/DADES/NLnet/v1/srsLTE/cmake/modules/CheckFunctionExists.c:12:15: warning: incompatible implicit declaration of built-in function ‘sqrtf’ [enabled by default]
   float ac2 = sqrtf(rand());
               ^
/home/guillem/DADES/NLnet/v1/srsLTE/cmake/modules/CheckFunctionExists.c:12:3: warning: implicit declaration of function ‘rand’ [-Wimplicit-function-declaration]
   float ac2 = sqrtf(rand());
   ^
Linking C executable cmTryCompileExec670022347
/usr/bin/cmake -E cmake_link_script CMakeFiles/cmTryCompileExec670022347.dir/link.txt --verbose=1
/usr/bin/cc   -Wall -Wno-write-strings -Wno-format-extra-args -Winline -Wno-unused-result -Wno-format -std=c99 -D_GNU_SOURCE -g -march=native -mfpmath=sse -mavx -DLV_HAVE_AVX -DLV_HAVE_SSE -DCHECK_FUNCTION_EXISTS=volk_32fc_x2_multiply_32fc -mavx    CMakeFiles/cmTryCompileExec670022347.dir/CheckFunctionExists.c.o  -o cmTryCompileExec670022347 -rdynamic /usr/local/lib/libvolk.so -lm -Wl,-rpath,/usr/local/lib 
make[1]: se sale del directorio «/home/guillem/DADES/NLnet/v1/srsLTE/build/CMakeFiles/CMakeTmp»


Determining if the function volk_32fc_x2_multiply_conjugate_32fc exists passed with the following output:
Change Dir: /home/guillem/DADES/NLnet/v1/srsLTE/build/CMakeFiles/CMakeTmp

Run Build Command:/usr/bin/make "cmTryCompileExec41616917/fast"
/usr/bin/make -f CMakeFiles/cmTryCompileExec41616917.dir/build.make CMakeFiles/cmTryCompileExec41616917.dir/build
make[1]: se ingresa al directorio «/home/guillem/DADES/NLnet/v1/srsLTE/build/CMakeFiles/CMakeTmp»
/usr/bin/cmake -E cmake_progress_report /home/guillem/DADES/NLnet/v1/srsLTE/build/CMakeFiles/CMakeTmp/CMakeFiles 1
Building C object CMakeFiles/cmTryCompileExec41616917.dir/CheckFunctionExists.c.o
/usr/bin/cc   -Wall -Wno-write-strings -Wno-format-extra-args -Winline -Wno-unused-result -Wno-format -std=c99 -D_GNU_SOURCE -g -march=native -mfpmath=sse -mavx -DLV_HAVE_AVX -DLV_HAVE_SSE -DCHECK_FUNCTION_EXISTS=volk_32fc_x2_multiply_conjugate_32fc -mavx   -o CMakeFiles/cmTryCompileExec41616917.dir/CheckFunctionExists.c.o   -c /home/guillem/DADES/NLnet/v1/srsLTE/cmake/modules/CheckFunctionExists.c
/home/guillem/DADES/NLnet/v1/srsLTE/cmake/modules/CheckFunctionExists.c: In function ‘main’:
/home/guillem/DADES/NLnet/v1/srsLTE/cmake/modules/CheckFunctionExists.c:12:3: warning: implicit declaration of function ‘sqrtf’ [-Wimplicit-function-declaration]
   float ac2 = sqrtf(rand());
   ^
/home/guillem/DADES/NLnet/v1/srsLTE/cmake/modules/CheckFunctionExists.c:12:15: warning: incompatible implicit declaration of built-in function ‘sqrtf’ [enabled by default]
   float ac2 = sqrtf(rand());
               ^
/home/guillem/DADES/NLnet/v1/srsLTE/cmake/modules/CheckFunctionExists.c:12:3: warning: implicit declaration of function ‘rand’ [-Wimplicit-function-declaration]
   float ac2 = sqrtf(rand());
   ^
Linking C executable cmTryCompileExec41616917
/usr/bin/cmake -E cmake_link_script CMakeFiles/cmTryCompileExec41616917.dir/link.txt --verbose=1
/usr/bin/cc   -Wall -Wno-write-strings -Wno-format-extra-args -Winline -Wno-unused-result -Wno-format -std=c99 -D_GNU_SOURCE -g -march=native -mfpmath=sse -mavx -DLV_HAVE_AVX -DLV_HAVE_SSE -DCHECK_FUNCTION_EXISTS=volk_32fc_x2_multiply_conjugate_32fc -mavx    CMakeFiles/cmTryCompileExec41616917.dir/CheckFunctionExists.c.o  -o cmTryCompileExec41616917 -rdynamic /usr/local/lib/libvolk.so -lm -Wl,-rpath,/usr/local/lib 
make[1]: se sale del directorio «/home/guillem/DADES/NLnet/v1/srsLTE/build/CMakeFiles/CMakeTmp»


Determining if the function volk_32fc_32f_multiply_32fc exists passed with the following output:
Change Dir: /home/guillem/DADES/NLnet/v1/srsLTE/build/CMakeFiles/CMakeTmp

Run Build Command:/usr/bin/make "cmTryCompileExec96174330/fast"
/usr/bin/make -f CMakeFiles/cmTryCompileExec96174330.dir/build.make CMakeFiles/cmTryCompileExec96174330.dir/build
make[1]: se ingresa al directorio «/home/guillem/DADES/NLnet/v1/srsLTE/build/CMakeFiles/CMakeTmp»
/usr/bin/cmake -E cmake_progress_report /home/guillem/DADES/NLnet/v1/srsLTE/build/CMakeFiles/CMakeTmp/CMakeFiles 1
Building C object CMakeFiles/cmTryCompileExec96174330.dir/CheckFunctionExists.c.o
/usr/bin/cc   -Wall -Wno-write-strings -Wno-format-extra-args -Winline -Wno-unused-result -Wno-format -std=c99 -D_GNU_SOURCE -g -march=native -mfpmath=sse -mavx -DLV_HAVE_AVX -DLV_HAVE_SSE -DCHECK_FUNCTION_EXISTS=volk_32fc_32f_multiply_32fc -mavx   -o CMakeFiles/cmTryCompileExec96174330.dir/CheckFunctionExists.c.o   -c /home/guillem/DADES/NLnet/v1/srsLTE/cmake/modules/CheckFunctionExists.c
/home/guillem/DADES/NLnet/v1/srsLTE/cmake/modules/CheckFunctionExists.c: In function ‘main’:
/home/guillem/DADES/NLnet/v1/srsLTE/cmake/modules/CheckFunctionExists.c:12:3: warning: implicit declaration of function ‘sqrtf’ [-Wimplicit-function-declaration]
   float ac2 = sqrtf(rand());
   ^
/home/guillem/DADES/NLnet/v1/srsLTE/cmake/modules/CheckFunctionExists.c:12:15: warning: incompatible implicit declaration of built-in function ‘sqrtf’ [enabled by default]
   float ac2 = sqrtf(rand());
               ^
/home/guillem/DADES/NLnet/v1/srsLTE/cmake/modules/CheckFunctionExists.c:12:3: warning: implicit declaration of function ‘rand’ [-Wimplicit-function-declaration]
   float ac2 = sqrtf(rand());
   ^
Linking C executable cmTryCompileExec96174330
/usr/bin/cmake -E cmake_link_script CMakeFiles/cmTryCompileExec96174330.dir/link.txt --verbose=1
/usr/bin/cc   -Wall -Wno-write-strings -Wno-format-extra-args -Winline -Wno-unused-result -Wno-format -std=c99 -D_GNU_SOURCE -g -march=native -mfpmath=sse -mavx -DLV_HAVE_AVX -DLV_HAVE_SSE -DCHECK_FUNCTION_EXISTS=volk_32fc_32f_multiply_32fc -mavx    CMakeFiles/cmTryCompileExec96174330.dir/CheckFunctionExists.c.o  -o cmTryCompileExec96174330 -rdynamic /usr/local/lib/libvolk.so -lm -Wl,-rpath,/usr/local/lib 
make[1]: se sale del directorio «/home/guillem/DADES/NLnet/v1/srsLTE/build/CMakeFiles/CMakeTmp»


Determining if the function volk_32f_s32f_multiply_32f exists passed with the following output:
Change Dir: /home/guillem/DADES/NLnet/v1/srsLTE/build/CMakeFiles/CMakeTmp

Run Build Command:/usr/bin/make "cmTryCompileExec103765872/fast"
/usr/bin/make -f CMakeFiles/cmTryCompileExec103765872.dir/build.make CMakeFiles/cmTryCompileExec103765872.dir/build
make[1]: se ingresa al directorio «/home/guillem/DADES/NLnet/v1/srsLTE/build/CMakeFiles/CMakeTmp»
/usr/bin/cmake -E cmake_progress_report /home/guillem/DADES/NLnet/v1/srsLTE/build/CMakeFiles/CMakeTmp/CMakeFiles 1
Building C object CMakeFiles/cmTryCompileExec103765872.dir/CheckFunctionExists.c.o
/usr/bin/cc   -Wall -Wno-write-strings -Wno-format-extra-args -Winline -Wno-unused-result -Wno-format -std=c99 -D_GNU_SOURCE -g -march=native -mfpmath=sse -mavx -DLV_HAVE_AVX -DLV_HAVE_SSE -DCHECK_FUNCTION_EXISTS=volk_32f_s32f_multiply_32f -mavx   -o CMakeFiles/cmTryCompileExec103765872.dir/CheckFunctionExists.c.o   -c /home/guillem/DADES/NLnet/v1/srsLTE/cmake/modules/CheckFunctionExists.c
/home/guillem/DADES/NLnet/v1/srsLTE/cmake/modules/CheckFunctionExists.c: In function ‘main’:
/home/guillem/DADES/NLnet/v1/srsLTE/cmake/modules/CheckFunctionExists.c:12:3: warning: implicit declaration of function ‘sqrtf’ [-Wimplicit-function-declaration]
   float ac2 = sqrtf(rand());
   ^
/home/guillem/DADES/NLnet/v1/srsLTE/cmake/modules/CheckFunctionExists.c:12:15: warning: incompatible implicit declaration of built-in function ‘sqrtf’ [enabled by default]
   float ac2 = sqrtf(rand());
               ^
/home/guillem/DADES/NLnet/v1/srsLTE/cmake/modules/CheckFunctionExists.c:12:3: warning: implicit declaration of function ‘rand’ [-Wimplicit-function-declaration]
   float ac2 = sqrtf(rand());
   ^
Linking C executable cmTryCompileExec103765872
/usr/bin/cmake -E cmake_link_script CMakeFiles/cmTryCompileExec103765872.dir/link.txt --verbose=1
/usr/bin/cc   -Wall -Wno-write-strings -Wno-format-extra-args -Winline -Wno-unused-result -Wno-format -std=c99 -D_GNU_SOURCE -g -march=native -mfpmath=sse -mavx -DLV_HAVE_AVX -DLV_HAVE_SSE -DCHECK_FUNCTION_EXISTS=volk_32f_s32f_multiply_32f -mavx    CMakeFiles/cmTryCompileExec103765872.dir/CheckFunctionExists.c.o  -o cmTryCompileExec103765872 -rdynamic /usr/local/lib/libvolk.so -lm -Wl,-rpath,/usr/local/lib 
make[1]: se sale del directorio «/home/guillem/DADES/NLnet/v1/srsLTE/build/CMakeFiles/CMakeTmp»


Determining if the function volk_32fc_magnitude_32f exists passed with the following output:
Change Dir: /home/guillem/DADES/NLnet/v1/srsLTE/build/CMakeFiles/CMakeTmp

Run Build Command:/usr/bin/make "cmTryCompileExec2113406438/fast"
/usr/bin/make -f CMakeFiles/cmTryCompileExec2113406438.dir/build.make CMakeFiles/cmTryCompileExec2113406438.dir/build
make[1]: se ingresa al directorio «/home/guillem/DADES/NLnet/v1/srsLTE/build/CMakeFiles/CMakeTmp»
/usr/bin/cmake -E cmake_progress_report /home/guillem/DADES/NLnet/v1/srsLTE/build/CMakeFiles/CMakeTmp/CMakeFiles 1
Building C object CMakeFiles/cmTryCompileExec2113406438.dir/CheckFunctionExists.c.o
/usr/bin/cc   -Wall -Wno-write-strings -Wno-format-extra-args -Winline -Wno-unused-result -Wno-format -std=c99 -D_GNU_SOURCE -g -march=native -mfpmath=sse -mavx -DLV_HAVE_AVX -DLV_HAVE_SSE -DCHECK_FUNCTION_EXISTS=volk_32fc_magnitude_32f -mavx   -o CMakeFiles/cmTryCompileExec2113406438.dir/CheckFunctionExists.c.o   -c /home/guillem/DADES/NLnet/v1/srsLTE/cmake/modules/CheckFunctionExists.c
/home/guillem/DADES/NLnet/v1/srsLTE/cmake/modules/CheckFunctionExists.c: In function ‘main’:
/home/guillem/DADES/NLnet/v1/srsLTE/cmake/modules/CheckFunctionExists.c:12:3: warning: implicit declaration of function ‘sqrtf’ [-Wimplicit-function-declaration]
   float ac2 = sqrtf(rand());
   ^
/home/guillem/DADES/NLnet/v1/srsLTE/cmake/modules/CheckFunctionExists.c:12:15: warning: incompatible implicit declaration of built-in function ‘sqrtf’ [enabled by default]
   float ac2 = sqrtf(rand());
               ^
/home/guillem/DADES/NLnet/v1/srsLTE/cmake/modules/CheckFunctionExists.c:12:3: warning: implicit declaration of function ‘rand’ [-Wimplicit-function-declaration]
   float ac2 = sqrtf(rand());
   ^
Linking C executable cmTryCompileExec2113406438
/usr/bin/cmake -E cmake_link_script CMakeFiles/cmTryCompileExec2113406438.dir/link.txt --verbose=1
/usr/bin/cc   -Wall -Wno-write-strings -Wno-format-extra-args -Winline -Wno-unused-result -Wno-format -std=c99 -D_GNU_SOURCE -g -march=native -mfpmath=sse -mavx -DLV_HAVE_AVX -DLV_HAVE_SSE -DCHECK_FUNCTION_EXISTS=volk_32fc_magnitude_32f -mavx    CMakeFiles/cmTryCompileExec2113406438.dir/CheckFunctionExists.c.o  -o cmTryCompileExec2113406438 -rdynamic /usr/local/lib/libvolk.so -lm -Wl,-rpath,/usr/local/lib 
make[1]: se sale del directorio «/home/guillem/DADES/NLnet/v1/srsLTE/build/CMakeFiles/CMakeTmp»


Determining if the function volk_32fc_magnitude_squared_32f exists passed with the following output:
Change Dir: /home/guillem/DADES/NLnet/v1/srsLTE/build/CMakeFiles/CMakeTmp

Run Build Command:/usr/bin/make "cmTryCompileExec1273480412/fast"
/usr/bin/make -f CMakeFiles/cmTryCompileExec1273480412.dir/build.make CMakeFiles/cmTryCompileExec1273480412.dir/build
make[1]: se ingresa al directorio «/home/guillem/DADES/NLnet/v1/srsLTE/build/CMakeFiles/CMakeTmp»
/usr/bin/cmake -E cmake_progress_report /home/guillem/DADES/NLnet/v1/srsLTE/build/CMakeFiles/CMakeTmp/CMakeFiles 1
Building C object CMakeFiles/cmTryCompileExec1273480412.dir/CheckFunctionExists.c.o
/usr/bin/cc   -Wall -Wno-write-strings -Wno-format-extra-args -Winline -Wno-unused-result -Wno-format -std=c99 -D_GNU_SOURCE -g -march=native -mfpmath=sse -mavx -DLV_HAVE_AVX -DLV_HAVE_SSE -DCHECK_FUNCTION_EXISTS=volk_32fc_magnitude_squared_32f -mavx   -o CMakeFiles/cmTryCompileExec1273480412.dir/CheckFunctionExists.c.o   -c /home/guillem/DADES/NLnet/v1/srsLTE/cmake/modules/CheckFunctionExists.c
/home/guillem/DADES/NLnet/v1/srsLTE/cmake/modules/CheckFunctionExists.c: In function ‘main’:
/home/guillem/DADES/NLnet/v1/srsLTE/cmake/modules/CheckFunctionExists.c:12:3: warning: implicit declaration of function ‘sqrtf’ [-Wimplicit-function-declaration]
   float ac2 = sqrtf(rand());
   ^
/home/guillem/DADES/NLnet/v1/srsLTE/cmake/modules/CheckFunctionExists.c:12:15: warning: incompatible implicit declaration of built-in function ‘sqrtf’ [enabled by default]
   float ac2 = sqrtf(rand());
               ^
/home/guillem/DADES/NLnet/v1/srsLTE/cmake/modules/CheckFunctionExists.c:12:3: warning: implicit declaration of function ‘rand’ [-Wimplicit-function-declaration]
   float ac2 = sqrtf(rand());
   ^
Linking C executable cmTryCompileExec1273480412
/usr/bin/cmake -E cmake_link_script CMakeFiles/cmTryCompileExec1273480412.dir/link.txt --verbose=1
/usr/bin/cc   -Wall -Wno-write-strings -Wno-format-extra-args -Winline -Wno-unused-result -Wno-format -std=c99 -D_GNU_SOURCE -g -march=native -mfpmath=sse -mavx -DLV_HAVE_AVX -DLV_HAVE_SSE -DCHECK_FUNCTION_EXISTS=volk_32fc_magnitude_squared_32f -mavx    CMakeFiles/cmTryCompileExec1273480412.dir/CheckFunctionExists.c.o  -o cmTryCompileExec1273480412 -rdynamic /usr/local/lib/libvolk.so -lm -Wl,-rpath,/usr/local/lib 
make[1]: se sale del directorio «/home/guillem/DADES/NLnet/v1/srsLTE/build/CMakeFiles/CMakeTmp»


Determining if the function volk_32f_x2_divide_32f exists passed with the following output:
Change Dir: /home/guillem/DADES/NLnet/v1/srsLTE/build/CMakeFiles/CMakeTmp

Run Build Command:/usr/bin/make "cmTryCompileExec3365277006/fast"
/usr/bin/make -f CMakeFiles/cmTryCompileExec3365277006.dir/build.make CMakeFiles/cmTryCompileExec3365277006.dir/build
make[1]: se ingresa al directorio «/home/guillem/DADES/NLnet/v1/srsLTE/build/CMakeFiles/CMakeTmp»
/usr/bin/cmake -E cmake_progress_report /home/guillem/DADES/NLnet/v1/srsLTE/build/CMakeFiles/CMakeTmp/CMakeFiles 1
Building C object CMakeFiles/cmTryCompileExec3365277006.dir/CheckFunctionExists.c.o
/usr/bin/cc   -Wall -Wno-write-strings -Wno-format-extra-args -Winline -Wno-unused-result -Wno-format -std=c99 -D_GNU_SOURCE -g -march=native -mfpmath=sse -mavx -DLV_HAVE_AVX -DLV_HAVE_SSE -DCHECK_FUNCTION_EXISTS=volk_32f_x2_divide_32f -mavx   -o CMakeFiles/cmTryCompileExec3365277006.dir/CheckFunctionExists.c.o   -c /home/guillem/DADES/NLnet/v1/srsLTE/cmake/modules/CheckFunctionExists.c
/home/guillem/DADES/NLnet/v1/srsLTE/cmake/modules/CheckFunctionExists.c: In function ‘main’:
/home/guillem/DADES/NLnet/v1/srsLTE/cmake/modules/CheckFunctionExists.c:12:3: warning: implicit declaration of function ‘sqrtf’ [-Wimplicit-function-declaration]
   float ac2 = sqrtf(rand());
   ^
/home/guillem/DADES/NLnet/v1/srsLTE/cmake/modules/CheckFunctionExists.c:12:15: warning: incompatible implicit declaration of built-in function ‘sqrtf’ [enabled by default]
   float ac2 = sqrtf(rand());
               ^
/home/guillem/DADES/NLnet/v1/srsLTE/cmake/modules/CheckFunctionExists.c:12:3: warning: implicit declaration of function ‘rand’ [-Wimplicit-function-declaration]
   float ac2 = sqrtf(rand());
   ^
Linking C executable cmTryCompileExec3365277006
/usr/bin/cmake -E cmake_link_script CMakeFiles/cmTryCompileExec3365277006.dir/link.txt --verbose=1
/usr/bin/cc   -Wall -Wno-write-strings -Wno-format-extra-args -Winline -Wno-unused-result -Wno-format -std=c99 -D_GNU_SOURCE -g -march=native -mfpmath=sse -mavx -DLV_HAVE_AVX -DLV_HAVE_SSE -DCHECK_FUNCTION_EXISTS=volk_32f_x2_divide_32f -mavx    CMakeFiles/cmTryCompileExec3365277006.dir/CheckFunctionExists.c.o  -o cmTryCompileExec3365277006 -rdynamic /usr/local/lib/libvolk.so -lm -Wl,-rpath,/usr/local/lib 
make[1]: se sale del directorio «/home/guillem/DADES/NLnet/v1/srsLTE/build/CMakeFiles/CMakeTmp»


Determining if the function volk_32fc_x2_dot_prod_32fc exists passed with the following output:
Change Dir: /home/guillem/DADES/NLnet/v1/srsLTE/build/CMakeFiles/CMakeTmp

Run Build Command:/usr/bin/make "cmTryCompileExec3929292538/fast"
/usr/bin/make -f CMakeFiles/cmTryCompileExec3929292538.dir/build.make CMakeFiles/cmTryCompileExec3929292538.dir/build
make[1]: se ingresa al directorio «/home/guillem/DADES/NLnet/v1/srsLTE/build/CMakeFiles/CMakeTmp»
/usr/bin/cmake -E cmake_progress_report /home/guillem/DADES/NLnet/v1/srsLTE/build/CMakeFiles/CMakeTmp/CMakeFiles 1
Building C object CMakeFiles/cmTryCompileExec3929292538.dir/CheckFunctionExists.c.o
/usr/bin/cc   -Wall -Wno-write-strings -Wno-format-extra-args -Winline -Wno-unused-result -Wno-format -std=c99 -D_GNU_SOURCE -g -march=native -mfpmath=sse -mavx -DLV_HAVE_AVX -DLV_HAVE_SSE -DCHECK_FUNCTION_EXISTS=volk_32fc_x2_dot_prod_32fc -mavx   -o CMakeFiles/cmTryCompileExec3929292538.dir/CheckFunctionExists.c.o   -c /home/guillem/DADES/NLnet/v1/srsLTE/cmake/modules/CheckFunctionExists.c
/home/guillem/DADES/NLnet/v1/srsLTE/cmake/modules/CheckFunctionExists.c: In function ‘main’:
/home/guillem/DADES/NLnet/v1/srsLTE/cmake/modules/CheckFunctionExists.c:12:3: warning: implicit declaration of function ‘sqrtf’ [-Wimplicit-function-declaration]
   float ac2 = sqrtf(rand());
   ^
/home/guillem/DADES/NLnet/v1/srsLTE/cmake/modules/CheckFunctionExists.c:12:15: warning: incompatible implicit declaration of built-in function ‘sqrtf’ [enabled by default]
   float ac2 = sqrtf(rand());
               ^
/home/guillem/DADES/NLnet/v1/srsLTE/cmake/modules/CheckFunctionExists.c:12:3: warning: implicit declaration of function ‘rand’ [-Wimplicit-function-declaration]
   float ac2 = sqrtf(rand());
   ^
Linking C executable cmTryCompileExec3929292538
/usr/bin/cmake -E cmake_link_script CMakeFiles/cmTryCompileExec3929292538.dir/link.txt --verbose=1
/usr/bin/cc   -Wall -Wno-write-strings -Wno-format-extra-args -Winline -Wno-unused-result -Wno-format -std=c99 -D_GNU_SOURCE -g -march=native -mfpmath=sse -mavx -DLV_HAVE_AVX -DLV_HAVE_SSE -DCHECK_FUNCTION_EXISTS=volk_32fc_x2_dot_prod_32fc -mavx    CMakeFiles/cmTryCompileExec3929292538.dir/CheckFunctionExists.c.o  -o cmTryCompileExec3929292538 -rdynamic /usr/local/lib/libvolk.so -lm -Wl,-rpath,/usr/local/lib 
make[1]: se sale del directorio «/home/guillem/DADES/NLnet/v1/srsLTE/build/CMakeFiles/CMakeTmp»


Determining if the function volk_32fc_32f_dot_prod_32fc exists passed with the following output:
Change Dir: /home/guillem/DADES/NLnet/v1/srsLTE/build/CMakeFiles/CMakeTmp

Run Build Command:/usr/bin/make "cmTryCompileExec546183749/fast"
/usr/bin/make -f CMakeFiles/cmTryCompileExec546183749.dir/build.make CMakeFiles/cmTryCompileExec546183749.dir/build
make[1]: se ingresa al directorio «/home/guillem/DADES/NLnet/v1/srsLTE/build/CMakeFiles/CMakeTmp»
/usr/bin/cmake -E cmake_progress_report /home/guillem/DADES/NLnet/v1/srsLTE/build/CMakeFiles/CMakeTmp/CMakeFiles 1
Building C object CMakeFiles/cmTryCompileExec546183749.dir/CheckFunctionExists.c.o
/usr/bin/cc   -Wall -Wno-write-strings -Wno-format-extra-args -Winline -Wno-unused-result -Wno-format -std=c99 -D_GNU_SOURCE -g -march=native -mfpmath=sse -mavx -DLV_HAVE_AVX -DLV_HAVE_SSE -DCHECK_FUNCTION_EXISTS=volk_32fc_32f_dot_prod_32fc -mavx   -o CMakeFiles/cmTryCompileExec546183749.dir/CheckFunctionExists.c.o   -c /home/guillem/DADES/NLnet/v1/srsLTE/cmake/modules/CheckFunctionExists.c
/home/guillem/DADES/NLnet/v1/srsLTE/cmake/modules/CheckFunctionExists.c: In function ‘main’:
/home/guillem/DADES/NLnet/v1/srsLTE/cmake/modules/CheckFunctionExists.c:12:3: warning: implicit declaration of function ‘sqrtf’ [-Wimplicit-function-declaration]
   float ac2 = sqrtf(rand());
   ^
/home/guillem/DADES/NLnet/v1/srsLTE/cmake/modules/CheckFunctionExists.c:12:15: warning: incompatible implicit declaration of built-in function ‘sqrtf’ [enabled by default]
   float ac2 = sqrtf(rand());
               ^
/home/guillem/DADES/NLnet/v1/srsLTE/cmake/modules/CheckFunctionExists.c:12:3: warning: implicit declaration of function ‘rand’ [-Wimplicit-function-declaration]
   float ac2 = sqrtf(rand());
   ^
Linking C executable cmTryCompileExec546183749
/usr/bin/cmake -E cmake_link_script CMakeFiles/cmTryCompileExec546183749.dir/link.txt --verbose=1
/usr/bin/cc   -Wall -Wno-write-strings -Wno-format-extra-args -Winline -Wno-unused-result -Wno-format -std=c99 -D_GNU_SOURCE -g -march=native -mfpmath=sse -mavx -DLV_HAVE_AVX -DLV_HAVE_SSE -DCHECK_FUNCTION_EXISTS=volk_32fc_32f_dot_prod_32fc -mavx    CMakeFiles/cmTryCompileExec546183749.dir/CheckFunctionExists.c.o  -o cmTryCompileExec546183749 -rdynamic /usr/local/lib/libvolk.so -lm -Wl,-rpath,/usr/local/lib 
make[1]: se sale del directorio «/home/guillem/DADES/NLnet/v1/srsLTE/build/CMakeFiles/CMakeTmp»


Determining if the function volk_32fc_x2_conjugate_dot_prod_32fc exists passed with the following output:
Change Dir: /home/guillem/DADES/NLnet/v1/srsLTE/build/CMakeFiles/CMakeTmp

Run Build Command:/usr/bin/make "cmTryCompileExec4133084105/fast"
/usr/bin/make -f CMakeFiles/cmTryCompileExec4133084105.dir/build.make CMakeFiles/cmTryCompileExec4133084105.dir/build
make[1]: se ingresa al directorio «/home/guillem/DADES/NLnet/v1/srsLTE/build/CMakeFiles/CMakeTmp»
/usr/bin/cmake -E cmake_progress_report /home/guillem/DADES/NLnet/v1/srsLTE/build/CMakeFiles/CMakeTmp/CMakeFiles 1
Building C object CMakeFiles/cmTryCompileExec4133084105.dir/CheckFunctionExists.c.o
/usr/bin/cc   -Wall -Wno-write-strings -Wno-format-extra-args -Winline -Wno-unused-result -Wno-format -std=c99 -D_GNU_SOURCE -g -march=native -mfpmath=sse -mavx -DLV_HAVE_AVX -DLV_HAVE_SSE -DCHECK_FUNCTION_EXISTS=volk_32fc_x2_conjugate_dot_prod_32fc -mavx   -o CMakeFiles/cmTryCompileExec4133084105.dir/CheckFunctionExists.c.o   -c /home/guillem/DADES/NLnet/v1/srsLTE/cmake/modules/CheckFunctionExists.c
/home/guillem/DADES/NLnet/v1/srsLTE/cmake/modules/CheckFunctionExists.c: In function ‘main’:
/home/guillem/DADES/NLnet/v1/srsLTE/cmake/modules/CheckFunctionExists.c:12:3: warning: implicit declaration of function ‘sqrtf’ [-Wimplicit-function-declaration]
   float ac2 = sqrtf(rand());
   ^
/home/guillem/DADES/NLnet/v1/srsLTE/cmake/modules/CheckFunctionExists.c:12:15: warning: incompatible implicit declaration of built-in function ‘sqrtf’ [enabled by default]
   float ac2 = sqrtf(rand());
               ^
/home/guillem/DADES/NLnet/v1/srsLTE/cmake/modules/CheckFunctionExists.c:12:3: warning: implicit declaration of function ‘rand’ [-Wimplicit-function-declaration]
   float ac2 = sqrtf(rand());
   ^
Linking C executable cmTryCompileExec4133084105
/usr/bin/cmake -E cmake_link_script CMakeFiles/cmTryCompileExec4133084105.dir/link.txt --verbose=1
/usr/bin/cc   -Wall -Wno-write-strings -Wno-format-extra-args -Winline -Wno-unused-result -Wno-format -std=c99 -D_GNU_SOURCE -g -march=native -mfpmath=sse -mavx -DLV_HAVE_AVX -DLV_HAVE_SSE -DCHECK_FUNCTION_EXISTS=volk_32fc_x2_conjugate_dot_prod_32fc -mavx    CMakeFiles/cmTryCompileExec4133084105.dir/CheckFunctionExists.c.o  -o cmTryCompileExec4133084105 -rdynamic /usr/local/lib/libvolk.so -lm -Wl,-rpath,/usr/local/lib 
make[1]: se sale del directorio «/home/guillem/DADES/NLnet/v1/srsLTE/build/CMakeFiles/CMakeTmp»


Determining if the function volk_32f_x2_dot_prod_32f exists passed with the following output:
Change Dir: /home/guillem/DADES/NLnet/v1/srsLTE/build/CMakeFiles/CMakeTmp

Run Build Command:/usr/bin/make "cmTryCompileExec1181805733/fast"
/usr/bin/make -f CMakeFiles/cmTryCompileExec1181805733.dir/build.make CMakeFiles/cmTryCompileExec1181805733.dir/build
make[1]: se ingresa al directorio «/home/guillem/DADES/NLnet/v1/srsLTE/build/CMakeFiles/CMakeTmp»
/usr/bin/cmake -E cmake_progress_report /home/guillem/DADES/NLnet/v1/srsLTE/build/CMakeFiles/CMakeTmp/CMakeFiles 1
Building C object CMakeFiles/cmTryCompileExec1181805733.dir/CheckFunctionExists.c.o
/usr/bin/cc   -Wall -Wno-write-strings -Wno-format-extra-args -Winline -Wno-unused-result -Wno-format -std=c99 -D_GNU_SOURCE -g -march=native -mfpmath=sse -mavx -DLV_HAVE_AVX -DLV_HAVE_SSE -DCHECK_FUNCTION_EXISTS=volk_32f_x2_dot_prod_32f -mavx   -o CMakeFiles/cmTryCompileExec1181805733.dir/CheckFunctionExists.c.o   -c /home/guillem/DADES/NLnet/v1/srsLTE/cmake/modules/CheckFunctionExists.c
/home/guillem/DADES/NLnet/v1/srsLTE/cmake/modules/CheckFunctionExists.c: In function ‘main’:
/home/guillem/DADES/NLnet/v1/srsLTE/cmake/modules/CheckFunctionExists.c:12:3: warning: implicit declaration of function ‘sqrtf’ [-Wimplicit-function-declaration]
   float ac2 = sqrtf(rand());
   ^
/home/guillem/DADES/NLnet/v1/srsLTE/cmake/modules/CheckFunctionExists.c:12:15: warning: incompatible implicit declaration of built-in function ‘sqrtf’ [enabled by default]
   float ac2 = sqrtf(rand());
               ^
/home/guillem/DADES/NLnet/v1/srsLTE/cmake/modules/CheckFunctionExists.c:12:3: warning: implicit declaration of function ‘rand’ [-Wimplicit-function-declaration]
   float ac2 = sqrtf(rand());
   ^
Linking C executable cmTryCompileExec1181805733
/usr/bin/cmake -E cmake_link_script CMakeFiles/cmTryCompileExec1181805733.dir/link.txt --verbose=1
/usr/bin/cc   -Wall -Wno-write-strings -Wno-format-extra-args -Winline -Wno-unused-result -Wno-format -std=c99 -D_GNU_SOURCE -g -march=native -mfpmath=sse -mavx -DLV_HAVE_AVX -DLV_HAVE_SSE -DCHECK_FUNCTION_EXISTS=volk_32f_x2_dot_prod_32f -mavx    CMakeFiles/cmTryCompileExec1181805733.dir/CheckFunctionExists.c.o  -o cmTryCompileExec1181805733 -rdynamic /usr/local/lib/libvolk.so -lm -Wl,-rpath,/usr/local/lib 
make[1]: se sale del directorio «/home/guillem/DADES/NLnet/v1/srsLTE/build/CMakeFiles/CMakeTmp»


Determining if the function volk_32fc_s32f_atan2_32f exists passed with the following output:
Change Dir: /home/guillem/DADES/NLnet/v1/srsLTE/build/CMakeFiles/CMakeTmp

Run Build Command:/usr/bin/make "cmTryCompileExec2533906982/fast"
/usr/bin/make -f CMakeFiles/cmTryCompileExec2533906982.dir/build.make CMakeFiles/cmTryCompileExec2533906982.dir/build
make[1]: se ingresa al directorio «/home/guillem/DADES/NLnet/v1/srsLTE/build/CMakeFiles/CMakeTmp»
/usr/bin/cmake -E cmake_progress_report /home/guillem/DADES/NLnet/v1/srsLTE/build/CMakeFiles/CMakeTmp/CMakeFiles 1
Building C object CMakeFiles/cmTryCompileExec2533906982.dir/CheckFunctionExists.c.o
/usr/bin/cc   -Wall -Wno-write-strings -Wno-format-extra-args -Winline -Wno-unused-result -Wno-format -std=c99 -D_GNU_SOURCE -g -march=native -mfpmath=sse -mavx -DLV_HAVE_AVX -DLV_HAVE_SSE -DCHECK_FUNCTION_EXISTS=volk_32fc_s32f_atan2_32f -mavx   -o CMakeFiles/cmTryCompileExec2533906982.dir/CheckFunctionExists.c.o   -c /home/guillem/DADES/NLnet/v1/srsLTE/cmake/modules/CheckFunctionExists.c
/home/guillem/DADES/NLnet/v1/srsLTE/cmake/modules/CheckFunctionExists.c: In function ‘main’:
/home/guillem/DADES/NLnet/v1/srsLTE/cmake/modules/CheckFunctionExists.c:12:3: warning: implicit declaration of function ‘sqrtf’ [-Wimplicit-function-declaration]
   float ac2 = sqrtf(rand());
   ^
/home/guillem/DADES/NLnet/v1/srsLTE/cmake/modules/CheckFunctionExists.c:12:15: warning: incompatible implicit declaration of built-in function ‘sqrtf’ [enabled by default]
   float ac2 = sqrtf(rand());
               ^
/home/guillem/DADES/NLnet/v1/srsLTE/cmake/modules/CheckFunctionExists.c:12:3: warning: implicit declaration of function ‘rand’ [-Wimplicit-function-declaration]
   float ac2 = sqrtf(rand());
   ^
Linking C executable cmTryCompileExec2533906982
/usr/bin/cmake -E cmake_link_script CMakeFiles/cmTryCompileExec2533906982.dir/link.txt --verbose=1
/usr/bin/cc   -Wall -Wno-write-strings -Wno-format-extra-args -Winline -Wno-unused-result -Wno-format -std=c99 -D_GNU_SOURCE -g -march=native -mfpmath=sse -mavx -DLV_HAVE_AVX -DLV_HAVE_SSE -DCHECK_FUNCTION_EXISTS=volk_32fc_s32f_atan2_32f -mavx    CMakeFiles/cmTryCompileExec2533906982.dir/CheckFunctionExists.c.o  -o cmTryCompileExec2533906982 -rdynamic /usr/local/lib/libvolk.so -lm -Wl,-rpath,/usr/local/lib 
make[1]: se sale del directorio «/home/guillem/DADES/NLnet/v1/srsLTE/build/CMakeFiles/CMakeTmp»


Determining if the function volk_32f_s32f_convert_16i exists passed with the following output:
Change Dir: /home/guillem/DADES/NLnet/v1/srsLTE/build/CMakeFiles/CMakeTmp

Run Build Command:/usr/bin/make "cmTryCompileExec3869764651/fast"
/usr/bin/make -f CMakeFiles/cmTryCompileExec3869764651.dir/build.make CMakeFiles/cmTryCompileExec3869764651.dir/build
make[1]: se ingresa al directorio «/home/guillem/DADES/NLnet/v1/srsLTE/build/CMakeFiles/CMakeTmp»
/usr/bin/cmake -E cmake_progress_report /home/guillem/DADES/NLnet/v1/srsLTE/build/CMakeFiles/CMakeTmp/CMakeFiles 1
Building C object CMakeFiles/cmTryCompileExec3869764651.dir/CheckFunctionExists.c.o
/usr/bin/cc   -Wall -Wno-write-strings -Wno-format-extra-args -Winline -Wno-unused-result -Wno-format -std=c99 -D_GNU_SOURCE -g -march=native -mfpmath=sse -mavx -DLV_HAVE_AVX -DLV_HAVE_SSE -DCHECK_FUNCTION_EXISTS=volk_32f_s32f_convert_16i -mavx   -o CMakeFiles/cmTryCompileExec3869764651.dir/CheckFunctionExists.c.o   -c /home/guillem/DADES/NLnet/v1/srsLTE/cmake/modules/CheckFunctionExists.c
/home/guillem/DADES/NLnet/v1/srsLTE/cmake/modules/CheckFunctionExists.c: In function ‘main’:
/home/guillem/DADES/NLnet/v1/srsLTE/cmake/modules/CheckFunctionExists.c:12:3: warning: implicit declaration of function ‘sqrtf’ [-Wimplicit-function-declaration]
   float ac2 = sqrtf(rand());
   ^
/home/guillem/DADES/NLnet/v1/srsLTE/cmake/modules/CheckFunctionExists.c:12:15: warning: incompatible implicit declaration of built-in function ‘sqrtf’ [enabled by default]
   float ac2 = sqrtf(rand());
               ^
/home/guillem/DADES/NLnet/v1/srsLTE/cmake/modules/CheckFunctionExists.c:12:3: warning: implicit declaration of function ‘rand’ [-Wimplicit-function-declaration]
   float ac2 = sqrtf(rand());
   ^
Linking C executable cmTryCompileExec3869764651
/usr/bin/cmake -E cmake_link_script CMakeFiles/cmTryCompileExec3869764651.dir/link.txt --verbose=1
/usr/bin/cc   -Wall -Wno-write-strings -Wno-format-extra-args -Winline -Wno-unused-result -Wno-format -std=c99 -D_GNU_SOURCE -g -march=native -mfpmath=sse -mavx -DLV_HAVE_AVX -DLV_HAVE_SSE -DCHECK_FUNCTION_EXISTS=volk_32f_s32f_convert_16i -mavx    CMakeFiles/cmTryCompileExec3869764651.dir/CheckFunctionExists.c.o  -o cmTryCompileExec3869764651 -rdynamic /usr/local/lib/libvolk.so -lm -Wl,-rpath,/usr/local/lib 
make[1]: se sale del directorio «/home/guillem/DADES/NLnet/v1/srsLTE/build/CMakeFiles/CMakeTmp»


Determining if the function volk_32fc_deinterleave_32f_x2 exists passed with the following output:
Change Dir: /home/guillem/DADES/NLnet/v1/srsLTE/build/CMakeFiles/CMakeTmp

Run Build Command:/usr/bin/make "cmTryCompileExec3631697500/fast"
/usr/bin/make -f CMakeFiles/cmTryCompileExec3631697500.dir/build.make CMakeFiles/cmTryCompileExec3631697500.dir/build
make[1]: se ingresa al directorio «/home/guillem/DADES/NLnet/v1/srsLTE/build/CMakeFiles/CMakeTmp»
/usr/bin/cmake -E cmake_progress_report /home/guillem/DADES/NLnet/v1/srsLTE/build/CMakeFiles/CMakeTmp/CMakeFiles 1
Building C object CMakeFiles/cmTryCompileExec3631697500.dir/CheckFunctionExists.c.o
/usr/bin/cc   -Wall -Wno-write-strings -Wno-format-extra-args -Winline -Wno-unused-result -Wno-format -std=c99 -D_GNU_SOURCE -g -march=native -mfpmath=sse -mavx -DLV_HAVE_AVX -DLV_HAVE_SSE -DCHECK_FUNCTION_EXISTS=volk_32fc_deinterleave_32f_x2 -mavx   -o CMakeFiles/cmTryCompileExec3631697500.dir/CheckFunctionExists.c.o   -c /home/guillem/DADES/NLnet/v1/srsLTE/cmake/modules/CheckFunctionExists.c
/home/guillem/DADES/NLnet/v1/srsLTE/cmake/modules/CheckFunctionExists.c: In function ‘main’:
/home/guillem/DADES/NLnet/v1/srsLTE/cmake/modules/CheckFunctionExists.c:12:3: warning: implicit declaration of function ‘sqrtf’ [-Wimplicit-function-declaration]
   float ac2 = sqrtf(rand());
   ^
/home/guillem/DADES/NLnet/v1/srsLTE/cmake/modules/CheckFunctionExists.c:12:15: warning: incompatible implicit declaration of built-in function ‘sqrtf’ [enabled by default]
   float ac2 = sqrtf(rand());
               ^
/home/guillem/DADES/NLnet/v1/srsLTE/cmake/modules/CheckFunctionExists.c:12:3: warning: implicit declaration of function ‘rand’ [-Wimplicit-function-declaration]
   float ac2 = sqrtf(rand());
   ^
Linking C executable cmTryCompileExec3631697500
/usr/bin/cmake -E cmake_link_script CMakeFiles/cmTryCompileExec3631697500.dir/link.txt --verbose=1
/usr/bin/cc   -Wall -Wno-write-strings -Wno-format-extra-args -Winline -Wno-unused-result -Wno-format -std=c99 -D_GNU_SOURCE -g -march=native -mfpmath=sse -mavx -DLV_HAVE_AVX -DLV_HAVE_SSE -DCHECK_FUNCTION_EXISTS=volk_32fc_deinterleave_32f_x2 -mavx    CMakeFiles/cmTryCompileExec3631697500.dir/CheckFunctionExists.c.o  -o cmTryCompileExec3631697500 -rdynamic /usr/local/lib/libvolk.so -lm -Wl,-rpath,/usr/local/lib 
make[1]: se sale del directorio «/home/guillem/DADES/NLnet/v1/srsLTE/build/CMakeFiles/CMakeTmp»


Determining if the function volk_32f_x2_interleave_32fc exists passed with the following output:
Change Dir: /home/guillem/DADES/NLnet/v1/srsLTE/build/CMakeFiles/CMakeTmp

Run Build Command:/usr/bin/make "cmTryCompileExec57795478/fast"
/usr/bin/make -f CMakeFiles/cmTryCompileExec57795478.dir/build.make CMakeFiles/cmTryCompileExec57795478.dir/build
make[1]: se ingresa al directorio «/home/guillem/DADES/NLnet/v1/srsLTE/build/CMakeFiles/CMakeTmp»
/usr/bin/cmake -E cmake_progress_report /home/guillem/DADES/NLnet/v1/srsLTE/build/CMakeFiles/CMakeTmp/CMakeFiles 1
Building C object CMakeFiles/cmTryCompileExec57795478.dir/CheckFunctionExists.c.o
/usr/bin/cc   -Wall -Wno-write-strings -Wno-format-extra-args -Winline -Wno-unused-result -Wno-format -std=c99 -D_GNU_SOURCE -g -march=native -mfpmath=sse -mavx -DLV_HAVE_AVX -DLV_HAVE_SSE -DCHECK_FUNCTION_EXISTS=volk_32f_x2_interleave_32fc -mavx   -o CMakeFiles/cmTryCompileExec57795478.dir/CheckFunctionExists.c.o   -c /home/guillem/DADES/NLnet/v1/srsLTE/cmake/modules/CheckFunctionExists.c
/home/guillem/DADES/NLnet/v1/srsLTE/cmake/modules/CheckFunctionExists.c: In function ‘main’:
/home/guillem/DADES/NLnet/v1/srsLTE/cmake/modules/CheckFunctionExists.c:12:3: warning: implicit declaration of function ‘sqrtf’ [-Wimplicit-function-declaration]
   float ac2 = sqrtf(rand());
   ^
/home/guillem/DADES/NLnet/v1/srsLTE/cmake/modules/CheckFunctionExists.c:12:15: warning: incompatible implicit declaration of built-in function ‘sqrtf’ [enabled by default]
   float ac2 = sqrtf(rand());
               ^
/home/guillem/DADES/NLnet/v1/srsLTE/cmake/modules/CheckFunctionExists.c:12:3: warning: implicit declaration of function ‘rand’ [-Wimplicit-function-declaration]
   float ac2 = sqrtf(rand());
   ^
Linking C executable cmTryCompileExec57795478
/usr/bin/cmake -E cmake_link_script CMakeFiles/cmTryCompileExec57795478.dir/link.txt --verbose=1
/usr/bin/cc   -Wall -Wno-write-strings -Wno-format-extra-args -Winline -Wno-unused-result -Wno-format -std=c99 -D_GNU_SOURCE -g -march=native -mfpmath=sse -mavx -DLV_HAVE_AVX -DLV_HAVE_SSE -DCHECK_FUNCTION_EXISTS=volk_32f_x2_interleave_32fc -mavx    CMakeFiles/cmTryCompileExec57795478.dir/CheckFunctionExists.c.o  -o cmTryCompileExec57795478 -rdynamic /usr/local/lib/libvolk.so -lm -Wl,-rpath,/usr/local/lib 
make[1]: se sale del directorio «/home/guillem/DADES/NLnet/v1/srsLTE/build/CMakeFiles/CMakeTmp»


Determining if the function volk_32f_x2_subtract_32f exists passed with the following output:
Change Dir: /home/guillem/DADES/NLnet/v1/srsLTE/build/CMakeFiles/CMakeTmp

Run Build Command:/usr/bin/make "cmTryCompileExec357600208/fast"
/usr/bin/make -f CMakeFiles/cmTryCompileExec357600208.dir/build.make CMakeFiles/cmTryCompileExec357600208.dir/build
make[1]: se ingresa al directorio «/home/guillem/DADES/NLnet/v1/srsLTE/build/CMakeFiles/CMakeTmp»
/usr/bin/cmake -E cmake_progress_report /home/guillem/DADES/NLnet/v1/srsLTE/build/CMakeFiles/CMakeTmp/CMakeFiles 1
Building C object CMakeFiles/cmTryCompileExec357600208.dir/CheckFunctionExists.c.o
/usr/bin/cc   -Wall -Wno-write-strings -Wno-format-extra-args -Winline -Wno-unused-result -Wno-format -std=c99 -D_GNU_SOURCE -g -march=native -mfpmath=sse -mavx -DLV_HAVE_AVX -DLV_HAVE_SSE -DCHECK_FUNCTION_EXISTS=volk_32f_x2_subtract_32f -mavx   -o CMakeFiles/cmTryCompileExec357600208.dir/CheckFunctionExists.c.o   -c /home/guillem/DADES/NLnet/v1/srsLTE/cmake/modules/CheckFunctionExists.c
/home/guillem/DADES/NLnet/v1/srsLTE/cmake/modules/CheckFunctionExists.c: In function ‘main’:
/home/guillem/DADES/NLnet/v1/srsLTE/cmake/modules/CheckFunctionExists.c:12:3: warning: implicit declaration of function ‘sqrtf’ [-Wimplicit-function-declaration]
   float ac2 = sqrtf(rand());
   ^
/home/guillem/DADES/NLnet/v1/srsLTE/cmake/modules/CheckFunctionExists.c:12:15: warning: incompatible implicit declaration of built-in function ‘sqrtf’ [enabled by default]
   float ac2 = sqrtf(rand());
               ^
/home/guillem/DADES/NLnet/v1/srsLTE/cmake/modules/CheckFunctionExists.c:12:3: warning: implicit declaration of function ‘rand’ [-Wimplicit-function-declaration]
   float ac2 = sqrtf(rand());
   ^
Linking C executable cmTryCompileExec357600208
/usr/bin/cmake -E cmake_link_script CMakeFiles/cmTryCompileExec357600208.dir/link.txt --verbose=1
/usr/bin/cc   -Wall -Wno-write-strings -Wno-format-extra-args -Winline -Wno-unused-result -Wno-format -std=c99 -D_GNU_SOURCE -g -march=native -mfpmath=sse -mavx -DLV_HAVE_AVX -DLV_HAVE_SSE -DCHECK_FUNCTION_EXISTS=volk_32f_x2_subtract_32f -mavx    CMakeFiles/cmTryCompileExec357600208.dir/CheckFunctionExists.c.o  -o cmTryCompileExec357600208 -rdynamic /usr/local/lib/libvolk.so -lm -Wl,-rpath,/usr/local/lib 
make[1]: se sale del directorio «/home/guillem/DADES/NLnet/v1/srsLTE/build/CMakeFiles/CMakeTmp»


Determining if the function volk_32f_x2_add_32f exists passed with the following output:
Change Dir: /home/guillem/DADES/NLnet/v1/srsLTE/build/CMakeFiles/CMakeTmp

Run Build Command:/usr/bin/make "cmTryCompileExec3921592443/fast"
/usr/bin/make -f CMakeFiles/cmTryCompileExec3921592443.dir/build.make CMakeFiles/cmTryCompileExec3921592443.dir/build
make[1]: se ingresa al directorio «/home/guillem/DADES/NLnet/v1/srsLTE/build/CMakeFiles/CMakeTmp»
/usr/bin/cmake -E cmake_progress_report /home/guillem/DADES/NLnet/v1/srsLTE/build/CMakeFiles/CMakeTmp/CMakeFiles 1
Building C object CMakeFiles/cmTryCompileExec3921592443.dir/CheckFunctionExists.c.o
/usr/bin/cc   -Wall -Wno-write-strings -Wno-format-extra-args -Winline -Wno-unused-result -Wno-format -std=c99 -D_GNU_SOURCE -g -march=native -mfpmath=sse -mavx -DLV_HAVE_AVX -DLV_HAVE_SSE -DCHECK_FUNCTION_EXISTS=volk_32f_x2_add_32f -mavx   -o CMakeFiles/cmTryCompileExec3921592443.dir/CheckFunctionExists.c.o   -c /home/guillem/DADES/NLnet/v1/srsLTE/cmake/modules/CheckFunctionExists.c
/home/guillem/DADES/NLnet/v1/srsLTE/cmake/modules/CheckFunctionExists.c: In function ‘main’:
/home/guillem/DADES/NLnet/v1/srsLTE/cmake/modules/CheckFunctionExists.c:12:3: warning: implicit declaration of function ‘sqrtf’ [-Wimplicit-function-declaration]
   float ac2 = sqrtf(rand());
   ^
/home/guillem/DADES/NLnet/v1/srsLTE/cmake/modules/CheckFunctionExists.c:12:15: warning: incompatible implicit declaration of built-in function ‘sqrtf’ [enabled by default]
   float ac2 = sqrtf(rand());
               ^
/home/guillem/DADES/NLnet/v1/srsLTE/cmake/modules/CheckFunctionExists.c:12:3: warning: implicit declaration of function ‘rand’ [-Wimplicit-function-declaration]
   float ac2 = sqrtf(rand());
   ^
Linking C executable cmTryCompileExec3921592443
/usr/bin/cmake -E cmake_link_script CMakeFiles/cmTryCompileExec3921592443.dir/link.txt --verbose=1
/usr/bin/cc   -Wall -Wno-write-strings -Wno-format-extra-args -Winline -Wno-unused-result -Wno-format -std=c99 -D_GNU_SOURCE -g -march=native -mfpmath=sse -mavx -DLV_HAVE_AVX -DLV_HAVE_SSE -DCHECK_FUNCTION_EXISTS=volk_32f_x2_add_32f -mavx    CMakeFiles/cmTryCompileExec3921592443.dir/CheckFunctionExists.c.o  -o cmTryCompileExec3921592443 -rdynamic /usr/local/lib/libvolk.so -lm -Wl,-rpath,/usr/local/lib 
make[1]: se sale del directorio «/home/guillem/DADES/NLnet/v1/srsLTE/build/CMakeFiles/CMakeTmp»


Determining if the function volk_32fc_x2_square_dist_32f exists passed with the following output:
Change Dir: /home/guillem/DADES/NLnet/v1/srsLTE/build/CMakeFiles/CMakeTmp

Run Build Command:/usr/bin/make "cmTryCompileExec830923234/fast"
/usr/bin/make -f CMakeFiles/cmTryCompileExec830923234.dir/build.make CMakeFiles/cmTryCompileExec830923234.dir/build
make[1]: se ingresa al directorio «/home/guillem/DADES/NLnet/v1/srsLTE/build/CMakeFiles/CMakeTmp»
/usr/bin/cmake -E cmake_progress_report /home/guillem/DADES/NLnet/v1/srsLTE/build/CMakeFiles/CMakeTmp/CMakeFiles 1
Building C object CMakeFiles/cmTryCompileExec830923234.dir/CheckFunctionExists.c.o
/usr/bin/cc   -Wall -Wno-write-strings -Wno-format-extra-args -Winline -Wno-unused-result -Wno-format -std=c99 -D_GNU_SOURCE -g -march=native -mfpmath=sse -mavx -DLV_HAVE_AVX -DLV_HAVE_SSE -DCHECK_FUNCTION_EXISTS=volk_32fc_x2_square_dist_32f -mavx   -o CMakeFiles/cmTryCompileExec830923234.dir/CheckFunctionExists.c.o   -c /home/guillem/DADES/NLnet/v1/srsLTE/cmake/modules/CheckFunctionExists.c
/home/guillem/DADES/NLnet/v1/srsLTE/cmake/modules/CheckFunctionExists.c: In function ‘main’:
/home/guillem/DADES/NLnet/v1/srsLTE/cmake/modules/CheckFunctionExists.c:12:3: warning: implicit declaration of function ‘sqrtf’ [-Wimplicit-function-declaration]
   float ac2 = sqrtf(rand());
   ^
/home/guillem/DADES/NLnet/v1/srsLTE/cmake/modules/CheckFunctionExists.c:12:15: warning: incompatible implicit declaration of built-in function ‘sqrtf’ [enabled by default]
   float ac2 = sqrtf(rand());
               ^
/home/guillem/DADES/NLnet/v1/srsLTE/cmake/modules/CheckFunctionExists.c:12:3: warning: implicit declaration of function ‘rand’ [-Wimplicit-function-declaration]
   float ac2 = sqrtf(rand());
   ^
Linking C executable cmTryCompileExec830923234
/usr/bin/cmake -E cmake_link_script CMakeFiles/cmTryCompileExec830923234.dir/link.txt --verbose=1
/usr/bin/cc   -Wall -Wno-write-strings -Wno-format-extra-args -Winline -Wno-unused-result -Wno-format -std=c99 -D_GNU_SOURCE -g -march=native -mfpmath=sse -mavx -DLV_HAVE_AVX -DLV_HAVE_SSE -DCHECK_FUNCTION_EXISTS=volk_32fc_x2_square_dist_32f -mavx    CMakeFiles/cmTryCompileExec830923234.dir/CheckFunctionExists.c.o  -o cmTryCompileExec830923234 -rdynamic /usr/local/lib/libvolk.so -lm -Wl,-rpath,/usr/local/lib 
make[1]: se sale del directorio «/home/guillem/DADES/NLnet/v1/srsLTE/build/CMakeFiles/CMakeTmp»


Determining if the function volk_32fc_index_max_16u exists passed with the following output:
Change Dir: /home/guillem/DADES/NLnet/v1/srsLTE/build/CMakeFiles/CMakeTmp

Run Build Command:/usr/bin/make "cmTryCompileExec4167141395/fast"
/usr/bin/make -f CMakeFiles/cmTryCompileExec4167141395.dir/build.make CMakeFiles/cmTryCompileExec4167141395.dir/build
make[1]: se ingresa al directorio «/home/guillem/DADES/NLnet/v1/srsLTE/build/CMakeFiles/CMakeTmp»
/usr/bin/cmake -E cmake_progress_report /home/guillem/DADES/NLnet/v1/srsLTE/build/CMakeFiles/CMakeTmp/CMakeFiles 1
Building C object CMakeFiles/cmTryCompileExec4167141395.dir/CheckFunctionExists.c.o
/usr/bin/cc   -Wall -Wno-write-strings -Wno-format-extra-args -Winline -Wno-unused-result -Wno-format -std=c99 -D_GNU_SOURCE -g -march=native -mfpmath=sse -mavx -DLV_HAVE_AVX -DLV_HAVE_SSE -DCHECK_FUNCTION_EXISTS=volk_32fc_index_max_16u -mavx   -o CMakeFiles/cmTryCompileExec4167141395.dir/CheckFunctionExists.c.o   -c /home/guillem/DADES/NLnet/v1/srsLTE/cmake/modules/CheckFunctionExists.c
/home/guillem/DADES/NLnet/v1/srsLTE/cmake/modules/CheckFunctionExists.c: In function ‘main’:
/home/guillem/DADES/NLnet/v1/srsLTE/cmake/modules/CheckFunctionExists.c:12:3: warning: implicit declaration of function ‘sqrtf’ [-Wimplicit-function-declaration]
   float ac2 = sqrtf(rand());
   ^
/home/guillem/DADES/NLnet/v1/srsLTE/cmake/modules/CheckFunctionExists.c:12:15: warning: incompatible implicit declaration of built-in function ‘sqrtf’ [enabled by default]
   float ac2 = sqrtf(rand());
               ^
/home/guillem/DADES/NLnet/v1/srsLTE/cmake/modules/CheckFunctionExists.c:12:3: warning: implicit declaration of function ‘rand’ [-Wimplicit-function-declaration]
   float ac2 = sqrtf(rand());
   ^
Linking C executable cmTryCompileExec4167141395
/usr/bin/cmake -E cmake_link_script CMakeFiles/cmTryCompileExec4167141395.dir/link.txt --verbose=1
/usr/bin/cc   -Wall -Wno-write-strings -Wno-format-extra-args -Winline -Wno-unused-result -Wno-format -std=c99 -D_GNU_SOURCE -g -march=native -mfpmath=sse -mavx -DLV_HAVE_AVX -DLV_HAVE_SSE -DCHECK_FUNCTION_EXISTS=volk_32fc_index_max_16u -mavx    CMakeFiles/cmTryCompileExec4167141395.dir/CheckFunctionExists.c.o  -o cmTryCompileExec4167141395 -rdynamic /usr/local/lib/libvolk.so -lm -Wl,-rpath,/usr/local/lib 
make[1]: se sale del directorio «/home/guillem/DADES/NLnet/v1/srsLTE/build/CMakeFiles/CMakeTmp»


Determining if the function volk_32f_x2_multiply_32f exists passed with the following output:
Change Dir: /home/guillem/DADES/NLnet/v1/srsLTE/build/CMakeFiles/CMakeTmp

Run Build Command:/usr/bin/make "cmTryCompileExec3250817289/fast"
/usr/bin/make -f CMakeFiles/cmTryCompileExec3250817289.dir/build.make CMakeFiles/cmTryCompileExec3250817289.dir/build
make[1]: se ingresa al directorio «/home/guillem/DADES/NLnet/v1/srsLTE/build/CMakeFiles/CMakeTmp»
/usr/bin/cmake -E cmake_progress_report /home/guillem/DADES/NLnet/v1/srsLTE/build/CMakeFiles/CMakeTmp/CMakeFiles 1
Building C object CMakeFiles/cmTryCompileExec3250817289.dir/CheckFunctionExists.c.o
/usr/bin/cc   -Wall -Wno-write-strings -Wno-format-extra-args -Winline -Wno-unused-result -Wno-format -std=c99 -D_GNU_SOURCE -g -march=native -mfpmath=sse -mavx -DLV_HAVE_AVX -DLV_HAVE_SSE -DCHECK_FUNCTION_EXISTS=volk_32f_x2_multiply_32f -mavx   -o CMakeFiles/cmTryCompileExec3250817289.dir/CheckFunctionExists.c.o   -c /home/guillem/DADES/NLnet/v1/srsLTE/cmake/modules/CheckFunctionExists.c
/home/guillem/DADES/NLnet/v1/srsLTE/cmake/modules/CheckFunctionExists.c: In function ‘main’:
/home/guillem/DADES/NLnet/v1/srsLTE/cmake/modules/CheckFunctionExists.c:12:3: warning: implicit declaration of function ‘sqrtf’ [-Wimplicit-function-declaration]
   float ac2 = sqrtf(rand());
   ^
/home/guillem/DADES/NLnet/v1/srsLTE/cmake/modules/CheckFunctionExists.c:12:15: warning: incompatible implicit declaration of built-in function ‘sqrtf’ [enabled by default]
   float ac2 = sqrtf(rand());
               ^
/home/guillem/DADES/NLnet/v1/srsLTE/cmake/modules/CheckFunctionExists.c:12:3: warning: implicit declaration of function ‘rand’ [-Wimplicit-function-declaration]
   float ac2 = sqrtf(rand());
   ^
Linking C executable cmTryCompileExec3250817289
/usr/bin/cmake -E cmake_link_script CMakeFiles/cmTryCompileExec3250817289.dir/link.txt --verbose=1
/usr/bin/cc   -Wall -Wno-write-strings -Wno-format-extra-args -Winline -Wno-unused-result -Wno-format -std=c99 -D_GNU_SOURCE -g -march=native -mfpmath=sse -mavx -DLV_HAVE_AVX -DLV_HAVE_SSE -DCHECK_FUNCTION_EXISTS=volk_32f_x2_multiply_32f -mavx    CMakeFiles/cmTryCompileExec3250817289.dir/CheckFunctionExists.c.o  -o cmTryCompileExec3250817289 -rdynamic /usr/local/lib/libvolk.so -lm -Wl,-rpath,/usr/local/lib 
make[1]: se sale del directorio «/home/guillem/DADES/NLnet/v1/srsLTE/build/CMakeFiles/CMakeTmp»


Determining if the function volk_16i_max_star_16i exists passed with the following output:
Change Dir: /home/guillem/DADES/NLnet/v1/srsLTE/build/CMakeFiles/CMakeTmp

Run Build Command:/usr/bin/make "cmTryCompileExec3185004821/fast"
/usr/bin/make -f CMakeFiles/cmTryCompileExec3185004821.dir/build.make CMakeFiles/cmTryCompileExec3185004821.dir/build
make[1]: se ingresa al directorio «/home/guillem/DADES/NLnet/v1/srsLTE/build/CMakeFiles/CMakeTmp»
/usr/bin/cmake -E cmake_progress_report /home/guillem/DADES/NLnet/v1/srsLTE/build/CMakeFiles/CMakeTmp/CMakeFiles 1
Building C object CMakeFiles/cmTryCompileExec3185004821.dir/CheckFunctionExists.c.o
/usr/bin/cc   -Wall -Wno-write-strings -Wno-format-extra-args -Winline -Wno-unused-result -Wno-format -std=c99 -D_GNU_SOURCE -g -march=native -mfpmath=sse -mavx -DLV_HAVE_AVX -DLV_HAVE_SSE -DCHECK_FUNCTION_EXISTS=volk_16i_max_star_16i -mavx   -o CMakeFiles/cmTryCompileExec3185004821.dir/CheckFunctionExists.c.o   -c /home/guillem/DADES/NLnet/v1/srsLTE/cmake/modules/CheckFunctionExists.c
/home/guillem/DADES/NLnet/v1/srsLTE/cmake/modules/CheckFunctionExists.c: In function ‘main’:
/home/guillem/DADES/NLnet/v1/srsLTE/cmake/modules/CheckFunctionExists.c:12:3: warning: implicit declaration of function ‘sqrtf’ [-Wimplicit-function-declaration]
   float ac2 = sqrtf(rand());
   ^
/home/guillem/DADES/NLnet/v1/srsLTE/cmake/modules/CheckFunctionExists.c:12:15: warning: incompatible implicit declaration of built-in function ‘sqrtf’ [enabled by default]
   float ac2 = sqrtf(rand());
               ^
/home/guillem/DADES/NLnet/v1/srsLTE/cmake/modules/CheckFunctionExists.c:12:3: warning: implicit declaration of function ‘rand’ [-Wimplicit-function-declaration]
   float ac2 = sqrtf(rand());
   ^
Linking C executable cmTryCompileExec3185004821
/usr/bin/cmake -E cmake_link_script CMakeFiles/cmTryCompileExec3185004821.dir/link.txt --verbose=1
/usr/bin/cc   -Wall -Wno-write-strings -Wno-format-extra-args -Winline -Wno-unused-result -Wno-format -std=c99 -D_GNU_SOURCE -g -march=native -mfpmath=sse -mavx -DLV_HAVE_AVX -DLV_HAVE_SSE -DCHECK_FUNCTION_EXISTS=volk_16i_max_star_16i -mavx    CMakeFiles/cmTryCompileExec3185004821.dir/CheckFunctionExists.c.o  -o cmTryCompileExec3185004821 -rdynamic /usr/local/lib/libvolk.so -lm -Wl,-rpath,/usr/local/lib 
make[1]: se sale del directorio «/home/guillem/DADES/NLnet/v1/srsLTE/build/CMakeFiles/CMakeTmp»


Determining if the function volk_8i_convert_16i exists passed with the following output:
Change Dir: /home/guillem/DADES/NLnet/v1/srsLTE/build/CMakeFiles/CMakeTmp

Run Build Command:/usr/bin/make "cmTryCompileExec555975406/fast"
/usr/bin/make -f CMakeFiles/cmTryCompileExec555975406.dir/build.make CMakeFiles/cmTryCompileExec555975406.dir/build
make[1]: se ingresa al directorio «/home/guillem/DADES/NLnet/v1/srsLTE/build/CMakeFiles/CMakeTmp»
/usr/bin/cmake -E cmake_progress_report /home/guillem/DADES/NLnet/v1/srsLTE/build/CMakeFiles/CMakeTmp/CMakeFiles 1
Building C object CMakeFiles/cmTryCompileExec555975406.dir/CheckFunctionExists.c.o
/usr/bin/cc   -Wall -Wno-write-strings -Wno-format-extra-args -Winline -Wno-unused-result -Wno-format -std=c99 -D_GNU_SOURCE -g -march=native -mfpmath=sse -mavx -DLV_HAVE_AVX -DLV_HAVE_SSE -DCHECK_FUNCTION_EXISTS=volk_8i_convert_16i -mavx   -o CMakeFiles/cmTryCompileExec555975406.dir/CheckFunctionExists.c.o   -c /home/guillem/DADES/NLnet/v1/srsLTE/cmake/modules/CheckFunctionExists.c
/home/guillem/DADES/NLnet/v1/srsLTE/cmake/modules/CheckFunctionExists.c: In function ‘main’:
/home/guillem/DADES/NLnet/v1/srsLTE/cmake/modules/CheckFunctionExists.c:12:3: warning: implicit declaration of function ‘sqrtf’ [-Wimplicit-function-declaration]
   float ac2 = sqrtf(rand());
   ^
/home/guillem/DADES/NLnet/v1/srsLTE/cmake/modules/CheckFunctionExists.c:12:15: warning: incompatible implicit declaration of built-in function ‘sqrtf’ [enabled by default]
   float ac2 = sqrtf(rand());
               ^
/home/guillem/DADES/NLnet/v1/srsLTE/cmake/modules/CheckFunctionExists.c:12:3: warning: implicit declaration of function ‘rand’ [-Wimplicit-function-declaration]
   float ac2 = sqrtf(rand());
   ^
Linking C executable cmTryCompileExec555975406
/usr/bin/cmake -E cmake_link_script CMakeFiles/cmTryCompileExec555975406.dir/link.txt --verbose=1
/usr/bin/cc   -Wall -Wno-write-strings -Wno-format-extra-args -Winline -Wno-unused-result -Wno-format -std=c99 -D_GNU_SOURCE -g -march=native -mfpmath=sse -mavx -DLV_HAVE_AVX -DLV_HAVE_SSE -DCHECK_FUNCTION_EXISTS=volk_8i_convert_16i -mavx    CMakeFiles/cmTryCompileExec555975406.dir/CheckFunctionExists.c.o  -o cmTryCompileExec555975406 -rdynamic /usr/local/lib/libvolk.so -lm -Wl,-rpath,/usr/local/lib 
make[1]: se sale del directorio «/home/guillem/DADES/NLnet/v1/srsLTE/build/CMakeFiles/CMakeTmp»


